<?xml version="1.0" encoding="UTF-8"?>
<coverage generated="1696291406230" clover="3.2.0">
  <project timestamp="1696291406230" name="All files">
    <metrics statements="202" coveredstatements="202" conditionals="114" coveredconditionals="114" methods="11" coveredmethods="11" elements="327" coveredelements="327" complexity="0" loc="202" ncloc="202" packages="1" files="1" classes="1"/>
    <file name="validate.js" path="/Users/Sharhino/Desktop/Isaac/aws/dad/api/utils/amptModel/validate.js">
      <metrics statements="202" coveredstatements="202" conditionals="114" coveredconditionals="114" methods="11" coveredmethods="11"/>
      <line num="1" count="1" type="cond" truecount="1" falsecount="0"/>
      <line num="2" count="47" type="cond" truecount="1" falsecount="0"/>
      <line num="3" count="2" type="cond" truecount="1" falsecount="0"/>
      <line num="4" count="2" type="stmt"/>
      <line num="5" count="45" type="cond" truecount="1" falsecount="0"/>
      <line num="6" count="45" type="stmt"/>
      <line num="7" count="45" type="stmt"/>
      <line num="8" count="1" type="stmt"/>
      <line num="9" count="54" type="cond" truecount="1" falsecount="0"/>
      <line num="10" count="54" type="stmt"/>
      <line num="11" count="54" type="stmt"/>
      <line num="12" count="54" type="stmt"/>
      <line num="13" count="54" type="cond" truecount="1" falsecount="0"/>
      <line num="14" count="2" type="stmt"/>
      <line num="15" count="2" type="stmt"/>
      <line num="16" count="52" type="cond" truecount="1" falsecount="0"/>
      <line num="17" count="54" type="cond" truecount="1" falsecount="0"/>
      <line num="18" count="6" type="stmt"/>
      <line num="19" count="6" type="stmt"/>
      <line num="20" count="46" type="cond" truecount="1" falsecount="0"/>
      <line num="21" count="54" type="cond" truecount="1" falsecount="0"/>
      <line num="22" count="97" type="stmt"/>
      <line num="23" count="97" type="stmt"/>
      <line num="24" count="97" type="cond" truecount="1" falsecount="0"/>
      <line num="25" count="8" type="cond" truecount="1" falsecount="0"/>
      <line num="26" count="1" type="stmt"/>
      <line num="27" count="1" type="stmt"/>
      <line num="28" count="7" type="cond" truecount="1" falsecount="0"/>
      <line num="29" count="7" type="stmt"/>
      <line num="30" count="8" type="cond" truecount="1" falsecount="0"/>
      <line num="31" count="8" type="stmt"/>
      <line num="32" count="8" type="cond" truecount="1" falsecount="0"/>
      <line num="33" count="7" type="stmt"/>
      <line num="34" count="6" type="cond" truecount="1" falsecount="0"/>
      <line num="35" count="6" type="stmt"/>
      <line num="36" count="6" type="cond" truecount="1" falsecount="0"/>
      <line num="37" count="6" type="stmt"/>
      <line num="38" count="89" type="cond" truecount="1" falsecount="0"/>
      <line num="39" count="97" type="cond" truecount="1" falsecount="0"/>
      <line num="40" count="2" type="cond" truecount="2" falsecount="0"/>
      <line num="41" count="1" type="stmt"/>
      <line num="42" count="1" type="stmt"/>
      <line num="43" count="1" type="stmt"/>
      <line num="44" count="1" type="stmt"/>
      <line num="45" count="1" type="stmt"/>
      <line num="46" count="1" type="stmt"/>
      <line num="47" count="1" type="stmt"/>
      <line num="48" count="87" type="cond" truecount="1" falsecount="0"/>
      <line num="49" count="87" type="stmt"/>
      <line num="50" count="78" type="cond" truecount="1" falsecount="0"/>
      <line num="51" count="97" type="cond" truecount="1" falsecount="0"/>
      <line num="52" count="6" type="stmt"/>
      <line num="53" count="6" type="stmt"/>
      <line num="54" count="72" type="cond" truecount="1" falsecount="0"/>
      <line num="55" count="72" type="stmt"/>
      <line num="56" count="72" type="stmt"/>
      <line num="57" count="97" type="cond" truecount="1" falsecount="0"/>
      <line num="58" count="1" type="stmt"/>
      <line num="59" count="1" type="stmt"/>
      <line num="60" count="97" type="stmt"/>
      <line num="61" count="97" type="stmt"/>
      <line num="62" count="34" type="cond" truecount="1" falsecount="0"/>
      <line num="63" count="34" type="stmt"/>
      <line num="64" count="34" type="stmt"/>
      <line num="65" count="1" type="stmt"/>
      <line num="66" count="93" type="cond" truecount="1" falsecount="0"/>
      <line num="67" count="93" type="stmt"/>
      <line num="68" count="93" type="stmt"/>
      <line num="69" count="93" type="stmt"/>
      <line num="70" count="93" type="stmt"/>
      <line num="71" count="93" type="stmt"/>
      <line num="72" count="93" type="stmt"/>
      <line num="73" count="93" type="stmt"/>
      <line num="74" count="93" type="cond" truecount="2" falsecount="0"/>
      <line num="75" count="6" type="stmt"/>
      <line num="76" count="6" type="stmt"/>
      <line num="77" count="6" type="stmt"/>
      <line num="78" count="6" type="stmt"/>
      <line num="79" count="87" type="cond" truecount="1" falsecount="0"/>
      <line num="80" count="87" type="stmt"/>
      <line num="81" count="87" type="stmt"/>
      <line num="82" count="87" type="stmt"/>
      <line num="83" count="93" type="cond" truecount="1" falsecount="0"/>
      <line num="84" count="74" type="stmt"/>
      <line num="85" count="93" type="cond" truecount="1" falsecount="0"/>
      <line num="86" count="87" type="stmt"/>
      <line num="87" count="93" type="cond" truecount="2" falsecount="0"/>
      <line num="88" count="15" type="stmt"/>
      <line num="89" count="15" type="cond" truecount="1" falsecount="0"/>
      <line num="90" count="15" type="stmt"/>
      <line num="91" count="15" type="cond" truecount="2" falsecount="0"/>
      <line num="92" count="1" type="stmt"/>
      <line num="93" count="1" type="stmt"/>
      <line num="94" count="15" type="stmt"/>
      <line num="95" count="86" type="cond" truecount="1" falsecount="0"/>
      <line num="96" count="93" type="cond" truecount="2" falsecount="0"/>
      <line num="97" count="8" type="stmt"/>
      <line num="98" count="8" type="stmt"/>
      <line num="99" count="86" type="cond" truecount="1" falsecount="0"/>
      <line num="100" count="93" type="cond" truecount="3" falsecount="0"/>
      <line num="101" count="2" type="stmt"/>
      <line num="102" count="2" type="stmt"/>
      <line num="103" count="86" type="cond" truecount="1" falsecount="0"/>
      <line num="104" count="93" type="cond" truecount="4" falsecount="0"/>
      <line num="105" count="1" type="stmt"/>
      <line num="106" count="1" type="stmt"/>
      <line num="107" count="85" type="cond" truecount="1" falsecount="0"/>
      <line num="108" count="93" type="cond" truecount="3" falsecount="0"/>
      <line num="109" count="26" type="cond" truecount="1" falsecount="0"/>
      <line num="110" count="1" type="stmt"/>
      <line num="111" count="1" type="stmt"/>
      <line num="112" count="25" type="cond" truecount="1" falsecount="0"/>
      <line num="113" count="26" type="cond" truecount="1" falsecount="0"/>
      <line num="114" count="7" type="stmt"/>
      <line num="115" count="7" type="stmt"/>
      <line num="116" count="26" type="stmt"/>
      <line num="117" count="84" type="cond" truecount="1" falsecount="0"/>
      <line num="118" count="93" type="cond" truecount="2" falsecount="0"/>
      <line num="119" count="2" type="stmt"/>
      <line num="120" count="2" type="stmt"/>
      <line num="121" count="82" type="cond" truecount="1" falsecount="0"/>
      <line num="122" count="93" type="cond" truecount="2" falsecount="0"/>
      <line num="123" count="1" type="stmt"/>
      <line num="124" count="1" type="stmt"/>
      <line num="125" count="81" type="cond" truecount="1" falsecount="0"/>
      <line num="126" count="93" type="cond" truecount="2" falsecount="0"/>
      <line num="127" count="1" type="stmt"/>
      <line num="128" count="1" type="stmt"/>
      <line num="129" count="80" type="cond" truecount="1" falsecount="0"/>
      <line num="130" count="93" type="cond" truecount="2" falsecount="0"/>
      <line num="131" count="1" type="stmt"/>
      <line num="132" count="1" type="stmt"/>
      <line num="133" count="79" type="cond" truecount="1" falsecount="0"/>
      <line num="134" count="93" type="cond" truecount="2" falsecount="0"/>
      <line num="135" count="1" type="stmt"/>
      <line num="136" count="1" type="stmt"/>
      <line num="137" count="78" type="cond" truecount="1" falsecount="0"/>
      <line num="138" count="93" type="cond" truecount="2" falsecount="0"/>
      <line num="139" count="1" type="stmt"/>
      <line num="140" count="1" type="stmt"/>
      <line num="141" count="77" type="cond" truecount="1" falsecount="0"/>
      <line num="142" count="93" type="cond" truecount="1" falsecount="0"/>
      <line num="143" count="1" type="stmt"/>
      <line num="144" count="1" type="stmt"/>
      <line num="145" count="76" type="cond" truecount="1" falsecount="0"/>
      <line num="146" count="76" type="stmt"/>
      <line num="147" count="93" type="cond" truecount="2" falsecount="0"/>
      <line num="148" count="93" type="stmt"/>
      <line num="149" count="93" type="stmt"/>
      <line num="150" count="93" type="stmt"/>
      <line num="151" count="1" type="stmt"/>
      <line num="152" count="174" type="cond" truecount="1" falsecount="0"/>
      <line num="153" count="174" type="cond" truecount="1" falsecount="0"/>
      <line num="154" count="85" type="stmt"/>
      <line num="155" count="85" type="stmt"/>
      <line num="156" count="89" type="cond" truecount="1" falsecount="0"/>
      <line num="157" count="174" type="cond" truecount="2" falsecount="0"/>
      <line num="158" count="11" type="stmt"/>
      <line num="159" count="11" type="stmt"/>
      <line num="160" count="89" type="cond" truecount="1" falsecount="0"/>
      <line num="161" count="174" type="cond" truecount="2" falsecount="0"/>
      <line num="162" count="10" type="stmt"/>
      <line num="163" count="10" type="stmt"/>
      <line num="164" count="89" type="cond" truecount="1" falsecount="0"/>
      <line num="165" count="174" type="cond" truecount="2" falsecount="0"/>
      <line num="166" count="1" type="stmt"/>
      <line num="167" count="1" type="stmt"/>
      <line num="168" count="89" type="cond" truecount="1" falsecount="0"/>
      <line num="169" count="89" type="stmt"/>
      <line num="170" count="89" type="stmt"/>
      <line num="171" count="1" type="stmt"/>
      <line num="172" count="93" type="cond" truecount="1" falsecount="0"/>
      <line num="173" count="93" type="cond" truecount="1" falsecount="0"/>
      <line num="174" count="93" type="cond" truecount="1" falsecount="0"/>
      <line num="175" count="93" type="cond" truecount="1" falsecount="0"/>
      <line num="176" count="93" type="stmt"/>
      <line num="177" count="1" type="stmt"/>
      <line num="178" count="93" type="cond" truecount="1" falsecount="0"/>
      <line num="179" count="93" type="cond" truecount="2" falsecount="0"/>
      <line num="180" count="93" type="stmt"/>
      <line num="181" count="1" type="stmt"/>
      <line num="182" count="93" type="cond" truecount="1" falsecount="0"/>
      <line num="183" count="93" type="stmt"/>
      <line num="184" count="93" type="cond" truecount="1" falsecount="0"/>
      <line num="185" count="93" type="cond" truecount="2" falsecount="0"/>
      <line num="186" count="93" type="stmt"/>
      <line num="187" count="1" type="stmt"/>
      <line num="188" count="31" type="cond" truecount="1" falsecount="0"/>
      <line num="189" count="31" type="stmt"/>
      <line num="190" count="31" type="stmt"/>
      <line num="191" count="1" type="stmt"/>
      <line num="192" count="78" type="cond" truecount="1" falsecount="0"/>
      <line num="193" count="78" type="cond" truecount="1" falsecount="0"/>
      <line num="194" count="78" type="stmt"/>
      <line num="195" count="1" type="stmt"/>
      <line num="196" count="97" type="cond" truecount="1" falsecount="0"/>
      <line num="197" count="97" type="cond" truecount="2" falsecount="0"/>
      <line num="198" count="97" type="stmt"/>
      <line num="199" count="1" type="stmt"/>
      <line num="200" count="89" type="cond" truecount="1" falsecount="0"/>
      <line num="201" count="89" type="cond" truecount="4" falsecount="0"/>
      <line num="202" count="89" type="stmt"/>
    </file>
  </project>
</coverage>
