{"/Users/Sharhino/Desktop/Isaac/aws/dad/api/utils/amptModel/labelsMap.js": {"path":"/Users/Sharhino/Desktop/Isaac/aws/dad/api/utils/amptModel/labelsMap.js","all":false,"statementMap":{"0":{"start":{"line":1,"column":0},"end":{"line":1,"column":49}},"1":{"start":{"line":2,"column":0},"end":{"line":2,"column":0}},"2":{"start":{"line":3,"column":0},"end":{"line":3,"column":82}},"3":{"start":{"line":4,"column":0},"end":{"line":4,"column":52}},"4":{"start":{"line":5,"column":0},"end":{"line":5,"column":0}},"5":{"start":{"line":6,"column":0},"end":{"line":6,"column":52}},"6":{"start":{"line":7,"column":0},"end":{"line":7,"column":52}},"7":{"start":{"line":8,"column":0},"end":{"line":8,"column":0}},"8":{"start":{"line":9,"column":0},"end":{"line":9,"column":58}},"9":{"start":{"line":10,"column":0},"end":{"line":10,"column":3}},"10":{"start":{"line":11,"column":0},"end":{"line":11,"column":0}},"11":{"start":{"line":12,"column":0},"end":{"line":12,"column":33}},"12":{"start":{"line":13,"column":0},"end":{"line":13,"column":85}},"13":{"start":{"line":14,"column":0},"end":{"line":14,"column":3}},"14":{"start":{"line":15,"column":0},"end":{"line":15,"column":0}},"15":{"start":{"line":16,"column":0},"end":{"line":16,"column":55}},"16":{"start":{"line":17,"column":0},"end":{"line":17,"column":47}},"17":{"start":{"line":18,"column":0},"end":{"line":18,"column":0}},"18":{"start":{"line":19,"column":0},"end":{"line":19,"column":12}},"19":{"start":{"line":20,"column":0},"end":{"line":20,"column":13}},"20":{"start":{"line":21,"column":0},"end":{"line":21,"column":36}},"21":{"start":{"line":22,"column":0},"end":{"line":22,"column":5}},"22":{"start":{"line":23,"column":0},"end":{"line":23,"column":3}},"23":{"start":{"line":24,"column":0},"end":{"line":24,"column":0}},"24":{"start":{"line":25,"column":0},"end":{"line":25,"column":25}},"25":{"start":{"line":26,"column":0},"end":{"line":26,"column":28}},"26":{"start":{"line":27,"column":0},"end":{"line":27,"column":26}},"27":{"start":{"line":28,"column":0},"end":{"line":28,"column":0}},"28":{"start":{"line":29,"column":0},"end":{"line":29,"column":40}},"29":{"start":{"line":30,"column":0},"end":{"line":30,"column":33}},"30":{"start":{"line":31,"column":0},"end":{"line":31,"column":17}},"31":{"start":{"line":32,"column":0},"end":{"line":32,"column":7}},"32":{"start":{"line":33,"column":0},"end":{"line":33,"column":2}},"33":{"start":{"line":34,"column":0},"end":{"line":34,"column":74}},"34":{"start":{"line":35,"column":0},"end":{"line":35,"column":2}},"35":{"start":{"line":36,"column":0},"end":{"line":36,"column":58}},"36":{"start":{"line":37,"column":0},"end":{"line":37,"column":22}},"37":{"start":{"line":38,"column":0},"end":{"line":38,"column":42}},"38":{"start":{"line":39,"column":0},"end":{"line":39,"column":2}},"39":{"start":{"line":40,"column":0},"end":{"line":40,"column":42}},"40":{"start":{"line":41,"column":0},"end":{"line":41,"column":5}},"41":{"start":{"line":42,"column":0},"end":{"line":42,"column":0}},"42":{"start":{"line":43,"column":0},"end":{"line":43,"column":40}},"43":{"start":{"line":44,"column":0},"end":{"line":44,"column":3}},"44":{"start":{"line":45,"column":0},"end":{"line":45,"column":2}},"45":{"start":{"line":46,"column":0},"end":{"line":46,"column":31}},"46":{"start":{"line":47,"column":0},"end":{"line":47,"column":34}},"47":{"start":{"line":48,"column":0},"end":{"line":48,"column":5}},"48":{"start":{"line":49,"column":0},"end":{"line":49,"column":0}},"49":{"start":{"line":50,"column":0},"end":{"line":50,"column":10}},"50":{"start":{"line":51,"column":0},"end":{"line":51,"column":19}},"51":{"start":{"line":52,"column":0},"end":{"line":52,"column":17}},"52":{"start":{"line":53,"column":0},"end":{"line":53,"column":15}},"53":{"start":{"line":54,"column":0},"end":{"line":54,"column":58}},"54":{"start":{"line":55,"column":0},"end":{"line":55,"column":57}},"55":{"start":{"line":56,"column":0},"end":{"line":56,"column":52}},"56":{"start":{"line":57,"column":0},"end":{"line":57,"column":51}},"57":{"start":{"line":58,"column":0},"end":{"line":58,"column":0}},"58":{"start":{"line":59,"column":0},"end":{"line":59,"column":36}},"59":{"start":{"line":60,"column":0},"end":{"line":60,"column":55}},"60":{"start":{"line":61,"column":0},"end":{"line":61,"column":44}},"61":{"start":{"line":62,"column":0},"end":{"line":62,"column":16}},"62":{"start":{"line":63,"column":0},"end":{"line":63,"column":7}},"63":{"start":{"line":64,"column":0},"end":{"line":64,"column":0}},"64":{"start":{"line":65,"column":0},"end":{"line":65,"column":30}},"65":{"start":{"line":66,"column":0},"end":{"line":66,"column":39}},"66":{"start":{"line":67,"column":0},"end":{"line":67,"column":0}},"67":{"start":{"line":68,"column":0},"end":{"line":68,"column":36}},"68":{"start":{"line":69,"column":0},"end":{"line":69,"column":49}},"69":{"start":{"line":70,"column":0},"end":{"line":70,"column":9}},"70":{"start":{"line":71,"column":0},"end":{"line":71,"column":0}},"71":{"start":{"line":72,"column":0},"end":{"line":72,"column":65}},"72":{"start":{"line":73,"column":0},"end":{"line":73,"column":54}},"73":{"start":{"line":74,"column":0},"end":{"line":74,"column":9}},"74":{"start":{"line":75,"column":0},"end":{"line":75,"column":8}},"75":{"start":{"line":76,"column":0},"end":{"line":76,"column":74}},"76":{"start":{"line":77,"column":0},"end":{"line":77,"column":8}},"77":{"start":{"line":78,"column":0},"end":{"line":78,"column":42}},"78":{"start":{"line":79,"column":0},"end":{"line":79,"column":7}},"79":{"start":{"line":80,"column":0},"end":{"line":80,"column":0}},"80":{"start":{"line":81,"column":0},"end":{"line":81,"column":91}},"81":{"start":{"line":82,"column":0},"end":{"line":82,"column":0}},"82":{"start":{"line":83,"column":0},"end":{"line":83,"column":53}},"83":{"start":{"line":84,"column":0},"end":{"line":84,"column":13}},"84":{"start":{"line":85,"column":0},"end":{"line":85,"column":91}},"85":{"start":{"line":86,"column":0},"end":{"line":86,"column":44}},"86":{"start":{"line":87,"column":0},"end":{"line":87,"column":8}},"87":{"start":{"line":88,"column":0},"end":{"line":88,"column":25}},"88":{"start":{"line":89,"column":0},"end":{"line":89,"column":66}},"89":{"start":{"line":90,"column":0},"end":{"line":90,"column":9}},"90":{"start":{"line":91,"column":0},"end":{"line":91,"column":7}},"91":{"start":{"line":92,"column":0},"end":{"line":92,"column":0}},"92":{"start":{"line":93,"column":0},"end":{"line":93,"column":45}},"93":{"start":{"line":94,"column":0},"end":{"line":94,"column":6}},"94":{"start":{"line":95,"column":0},"end":{"line":95,"column":48}},"95":{"start":{"line":96,"column":0},"end":{"line":96,"column":34}},"96":{"start":{"line":97,"column":0},"end":{"line":97,"column":0}},"97":{"start":{"line":98,"column":0},"end":{"line":98,"column":42}},"98":{"start":{"line":99,"column":0},"end":{"line":99,"column":73}},"99":{"start":{"line":100,"column":0},"end":{"line":100,"column":59}},"100":{"start":{"line":101,"column":0},"end":{"line":101,"column":8}},"101":{"start":{"line":102,"column":0},"end":{"line":102,"column":49}},"102":{"start":{"line":103,"column":0},"end":{"line":103,"column":7}},"103":{"start":{"line":104,"column":0},"end":{"line":104,"column":0}},"104":{"start":{"line":105,"column":0},"end":{"line":105,"column":30}},"105":{"start":{"line":106,"column":0},"end":{"line":106,"column":6}},"106":{"start":{"line":107,"column":0},"end":{"line":107,"column":27}},"107":{"start":{"line":108,"column":0},"end":{"line":108,"column":44}},"108":{"start":{"line":109,"column":0},"end":{"line":109,"column":6}},"109":{"start":{"line":110,"column":0},"end":{"line":110,"column":12}},"110":{"start":{"line":111,"column":0},"end":{"line":111,"column":36}},"111":{"start":{"line":112,"column":0},"end":{"line":112,"column":48}},"112":{"start":{"line":113,"column":0},"end":{"line":113,"column":0}},"113":{"start":{"line":114,"column":0},"end":{"line":114,"column":32}},"114":{"start":{"line":115,"column":0},"end":{"line":115,"column":51}},"115":{"start":{"line":116,"column":0},"end":{"line":116,"column":7}},"116":{"start":{"line":117,"column":0},"end":{"line":117,"column":0}},"117":{"start":{"line":118,"column":0},"end":{"line":118,"column":25}},"118":{"start":{"line":119,"column":0},"end":{"line":119,"column":6}},"119":{"start":{"line":120,"column":0},"end":{"line":120,"column":39}},"120":{"start":{"line":121,"column":0},"end":{"line":121,"column":73}},"121":{"start":{"line":122,"column":0},"end":{"line":122,"column":60}},"122":{"start":{"line":123,"column":0},"end":{"line":123,"column":0}},"123":{"start":{"line":124,"column":0},"end":{"line":124,"column":15}},"124":{"start":{"line":125,"column":0},"end":{"line":125,"column":49}},"125":{"start":{"line":126,"column":0},"end":{"line":126,"column":19}},"126":{"start":{"line":127,"column":0},"end":{"line":127,"column":8}},"127":{"start":{"line":128,"column":0},"end":{"line":128,"column":5}},"128":{"start":{"line":129,"column":0},"end":{"line":129,"column":3}},"129":{"start":{"line":130,"column":0},"end":{"line":130,"column":1}}},"s":{"0":1,"1":6,"2":6,"3":6,"4":6,"5":6,"6":1,"7":1,"8":1,"9":1,"10":6,"11":6,"12":5,"13":5,"14":6,"15":6,"16":1,"17":1,"18":1,"19":1,"20":1,"21":1,"22":1,"23":6,"24":6,"25":6,"26":6,"27":6,"28":6,"29":10,"30":1,"31":1,"32":9,"33":9,"34":9,"35":9,"36":10,"37":10,"38":10,"39":10,"40":10,"41":6,"42":6,"43":6,"44":6,"45":6,"46":13,"47":6,"48":6,"49":6,"50":6,"51":6,"52":6,"53":6,"54":14,"55":14,"56":14,"57":14,"58":14,"59":4,"60":2,"61":4,"62":4,"63":9,"64":14,"65":4,"66":4,"67":4,"68":1,"69":1,"70":3,"71":4,"72":1,"73":1,"74":2,"75":2,"76":2,"77":2,"78":2,"79":5,"80":14,"81":14,"82":14,"83":4,"84":4,"85":2,"86":2,"87":2,"88":2,"89":2,"90":4,"91":1,"92":1,"93":6,"94":6,"95":6,"96":6,"97":6,"98":9,"99":5,"100":5,"101":5,"102":5,"103":2,"104":2,"105":6,"106":6,"107":3,"108":6,"109":6,"110":6,"111":23,"112":23,"113":23,"114":1,"115":1,"116":22,"117":22,"118":6,"119":6,"120":1,"121":1,"122":1,"123":1,"124":1,"125":1,"126":1,"127":1,"128":6,"129":6},"branchMap":{"0":{"type":"branch","line":1,"loc":{"start":{"line":1,"column":15},"end":{"line":130,"column":1}},"locations":[{"start":{"line":1,"column":15},"end":{"line":130,"column":1}}]},"1":{"type":"branch","line":6,"loc":{"start":{"line":6,"column":2},"end":{"line":10,"column":3}},"locations":[{"start":{"line":6,"column":2},"end":{"line":10,"column":3}}]},"2":{"type":"branch","line":12,"loc":{"start":{"line":12,"column":2},"end":{"line":14,"column":3}},"locations":[{"start":{"line":12,"column":2},"end":{"line":14,"column":3}}]},"3":{"type":"branch","line":16,"loc":{"start":{"line":16,"column":2},"end":{"line":23,"column":3}},"locations":[{"start":{"line":16,"column":2},"end":{"line":23,"column":3}}]},"4":{"type":"branch","line":25,"loc":{"start":{"line":25,"column":2},"end":{"line":44,"column":3}},"locations":[{"start":{"line":25,"column":2},"end":{"line":44,"column":3}}]},"5":{"type":"branch","line":29,"loc":{"start":{"line":29,"column":38},"end":{"line":41,"column":5}},"locations":[{"start":{"line":29,"column":38},"end":{"line":41,"column":5}}]},"6":{"type":"branch","line":30,"loc":{"start":{"line":30,"column":32},"end":{"line":32,"column":7}},"locations":[{"start":{"line":30,"column":32},"end":{"line":32,"column":7}}]},"7":{"type":"branch","line":33,"loc":{"start":{"line":33,"column":-1},"end":{"line":37,"column":8}},"locations":[{"start":{"line":33,"column":-1},"end":{"line":37,"column":8}}]},"8":{"type":"branch","line":37,"loc":{"start":{"line":37,"column":8},"end":{"line":37,"column":21}},"locations":[{"start":{"line":37,"column":8},"end":{"line":37,"column":21}}]},"9":{"type":"branch","line":38,"loc":{"start":{"line":38,"column":8},"end":{"line":38,"column":41}},"locations":[{"start":{"line":38,"column":8},"end":{"line":38,"column":41}}]},"10":{"type":"branch","line":38,"loc":{"start":{"line":38,"column":27},"end":{"line":38,"column":41}},"locations":[{"start":{"line":38,"column":27},"end":{"line":38,"column":41}}]},"11":{"type":"branch","line":46,"loc":{"start":{"line":46,"column":2},"end":{"line":48,"column":3}},"locations":[{"start":{"line":46,"column":2},"end":{"line":48,"column":3}}]},"12":{"type":"branch","line":54,"loc":{"start":{"line":54,"column":20},"end":{"line":94,"column":5}},"locations":[{"start":{"line":54,"column":20},"end":{"line":94,"column":5}}]},"13":{"type":"branch","line":59,"loc":{"start":{"line":59,"column":35},"end":{"line":63,"column":7}},"locations":[{"start":{"line":59,"column":35},"end":{"line":63,"column":7}}]},"14":{"type":"branch","line":60,"loc":{"start":{"line":60,"column":53},"end":{"line":61,"column":44}},"locations":[{"start":{"line":60,"column":53},"end":{"line":61,"column":44}}]},"15":{"type":"branch","line":62,"loc":{"start":{"line":62,"column":10},"end":{"line":62,"column":15}},"locations":[{"start":{"line":62,"column":10},"end":{"line":62,"column":15}}]},"16":{"type":"branch","line":64,"loc":{"start":{"line":64,"column":-1},"end":{"line":65,"column":29}},"locations":[{"start":{"line":64,"column":-1},"end":{"line":65,"column":29}}]},"17":{"type":"branch","line":65,"loc":{"start":{"line":65,"column":29},"end":{"line":79,"column":7}},"locations":[{"start":{"line":65,"column":29},"end":{"line":79,"column":7}}]},"18":{"type":"branch","line":68,"loc":{"start":{"line":68,"column":35},"end":{"line":70,"column":9}},"locations":[{"start":{"line":68,"column":35},"end":{"line":70,"column":9}}]},"19":{"type":"branch","line":71,"loc":{"start":{"line":71,"column":-1},"end":{"line":72,"column":64}},"locations":[{"start":{"line":71,"column":-1},"end":{"line":72,"column":64}}]},"20":{"type":"branch","line":72,"loc":{"start":{"line":72,"column":64},"end":{"line":74,"column":9}},"locations":[{"start":{"line":72,"column":64},"end":{"line":74,"column":9}}]},"21":{"type":"branch","line":75,"loc":{"start":{"line":75,"column":-1},"end":{"line":79,"column":7}},"locations":[{"start":{"line":75,"column":-1},"end":{"line":79,"column":7}}]},"22":{"type":"branch","line":80,"loc":{"start":{"line":80,"column":-1},"end":{"line":81,"column":52}},"locations":[{"start":{"line":80,"column":-1},"end":{"line":81,"column":52}}]},"23":{"type":"branch","line":81,"loc":{"start":{"line":81,"column":52},"end":{"line":81,"column":75}},"locations":[{"start":{"line":81,"column":52},"end":{"line":81,"column":75}}]},"24":{"type":"branch","line":81,"loc":{"start":{"line":81,"column":76},"end":{"line":81,"column":90}},"locations":[{"start":{"line":81,"column":76},"end":{"line":81,"column":90}}]},"25":{"type":"branch","line":83,"loc":{"start":{"line":83,"column":52},"end":{"line":91,"column":7}},"locations":[{"start":{"line":83,"column":52},"end":{"line":91,"column":7}}]},"26":{"type":"branch","line":86,"loc":{"start":{"line":86,"column":-1},"end":{"line":90,"column":9}},"locations":[{"start":{"line":86,"column":-1},"end":{"line":90,"column":9}}]},"27":{"type":"branch","line":92,"loc":{"start":{"line":92,"column":-1},"end":{"line":94,"column":4}},"locations":[{"start":{"line":92,"column":-1},"end":{"line":94,"column":4}}]},"28":{"type":"branch","line":72,"loc":{"start":{"line":72,"column":25},"end":{"line":72,"column":61}},"locations":[{"start":{"line":72,"column":25},"end":{"line":72,"column":61}}]},"29":{"type":"branch","line":76,"loc":{"start":{"line":76,"column":42},"end":{"line":76,"column":63}},"locations":[{"start":{"line":76,"column":42},"end":{"line":76,"column":63}}]},"30":{"type":"branch","line":95,"loc":{"start":{"line":95,"column":21},"end":{"line":106,"column":5}},"locations":[{"start":{"line":95,"column":21},"end":{"line":106,"column":5}}]},"31":{"type":"branch","line":98,"loc":{"start":{"line":98,"column":41},"end":{"line":103,"column":7}},"locations":[{"start":{"line":98,"column":41},"end":{"line":103,"column":7}}]},"32":{"type":"branch","line":100,"loc":{"start":{"line":100,"column":-1},"end":{"line":103,"column":7}},"locations":[{"start":{"line":100,"column":-1},"end":{"line":103,"column":7}}]},"33":{"type":"branch","line":104,"loc":{"start":{"line":104,"column":-1},"end":{"line":106,"column":4}},"locations":[{"start":{"line":104,"column":-1},"end":{"line":106,"column":4}}]},"34":{"type":"branch","line":107,"loc":{"start":{"line":107,"column":4},"end":{"line":109,"column":5}},"locations":[{"start":{"line":107,"column":4},"end":{"line":109,"column":5}}]},"35":{"type":"branch","line":111,"loc":{"start":{"line":111,"column":20},"end":{"line":119,"column":5}},"locations":[{"start":{"line":111,"column":20},"end":{"line":119,"column":5}}]},"36":{"type":"branch","line":114,"loc":{"start":{"line":114,"column":23},"end":{"line":116,"column":7}},"locations":[{"start":{"line":114,"column":23},"end":{"line":116,"column":7}}]},"37":{"type":"branch","line":117,"loc":{"start":{"line":117,"column":-1},"end":{"line":119,"column":4}},"locations":[{"start":{"line":117,"column":-1},"end":{"line":119,"column":4}}]},"38":{"type":"branch","line":120,"loc":{"start":{"line":120,"column":4},"end":{"line":128,"column":5}},"locations":[{"start":{"line":120,"column":4},"end":{"line":128,"column":5}}]}},"b":{"0":[6],"1":[1],"2":[5],"3":[1],"4":[6],"5":[10],"6":[1],"7":[9],"8":[2],"9":[7],"10":[2],"11":[13],"12":[14],"13":[4],"14":[2],"15":[2],"16":[9],"17":[4],"18":[1],"19":[3],"20":[1],"21":[2],"22":[5],"23":[4],"24":[3],"25":[4],"26":[2],"27":[1],"28":[6],"29":[4],"30":[6],"31":[9],"32":[5],"33":[2],"34":[3],"35":[23],"36":[1],"37":[22],"38":[1]},"fnMap":{"0":{"name":"__vite_ssr_exports__.default","decl":{"start":{"line":1,"column":15},"end":{"line":130,"column":1}},"loc":{"start":{"line":1,"column":15},"end":{"line":130,"column":1}},"line":1},"1":{"name":"createLabelValue","decl":{"start":{"line":6,"column":2},"end":{"line":10,"column":3}},"loc":{"start":{"line":6,"column":2},"end":{"line":10,"column":3}},"line":6},"2":{"name":"handleError","decl":{"start":{"line":12,"column":2},"end":{"line":14,"column":3}},"loc":{"start":{"line":12,"column":2},"end":{"line":14,"column":3}},"line":12},"3":{"name":"getFirstKeyAndValueFromObject","decl":{"start":{"line":16,"column":2},"end":{"line":23,"column":3}},"loc":{"start":{"line":16,"column":2},"end":{"line":23,"column":3}},"line":16},"4":{"name":"init","decl":{"start":{"line":25,"column":2},"end":{"line":44,"column":3}},"loc":{"start":{"line":25,"column":2},"end":{"line":44,"column":3}},"line":25},"5":{"name":"isLabel","decl":{"start":{"line":46,"column":2},"end":{"line":48,"column":3}},"loc":{"start":{"line":46,"column":2},"end":{"line":48,"column":3}},"line":46},"6":{"name":"createLabelKey","decl":{"start":{"line":54,"column":20},"end":{"line":94,"column":5}},"loc":{"start":{"line":54,"column":20},"end":{"line":94,"column":5}},"line":54},"7":{"name":"createLabelKeys","decl":{"start":{"line":95,"column":21},"end":{"line":106,"column":5}},"loc":{"start":{"line":95,"column":21},"end":{"line":106,"column":5}},"line":95},"8":{"name":"hasLabel","decl":{"start":{"line":107,"column":4},"end":{"line":109,"column":5}},"loc":{"start":{"line":107,"column":4},"end":{"line":109,"column":5}},"line":107},"9":{"name":"getLabelNumber","decl":{"start":{"line":111,"column":20},"end":{"line":119,"column":5}},"loc":{"start":{"line":111,"column":20},"end":{"line":119,"column":5}},"line":111},"10":{"name":"getArgumentsForGetByLabel","decl":{"start":{"line":120,"column":4},"end":{"line":128,"column":5}},"loc":{"start":{"line":120,"column":4},"end":{"line":128,"column":5}},"line":120}},"f":{"0":6,"1":1,"2":5,"3":1,"4":6,"5":13,"6":14,"7":6,"8":3,"9":23,"10":1}}
}
