{"/Users/Sharhino/Desktop/Isaac/aws/dad/api/utils/amptModel/errorCodes.js": {"path":"/Users/Sharhino/Desktop/Isaac/aws/dad/api/utils/amptModel/errorCodes.js","all":false,"statementMap":{"0":{"start":{"line":1,"column":0},"end":{"line":1,"column":27}},"1":{"start":{"line":2,"column":0},"end":{"line":2,"column":22}},"2":{"start":{"line":3,"column":0},"end":{"line":3,"column":23}},"3":{"start":{"line":4,"column":0},"end":{"line":4,"column":31}},"4":{"start":{"line":5,"column":0},"end":{"line":5,"column":21}},"5":{"start":{"line":6,"column":0},"end":{"line":6,"column":20}},"6":{"start":{"line":7,"column":0},"end":{"line":7,"column":20}},"7":{"start":{"line":8,"column":0},"end":{"line":8,"column":27}},"8":{"start":{"line":9,"column":0},"end":{"line":9,"column":27}},"9":{"start":{"line":10,"column":0},"end":{"line":10,"column":25}},"10":{"start":{"line":11,"column":0},"end":{"line":11,"column":21}},"11":{"start":{"line":12,"column":0},"end":{"line":12,"column":34}},"12":{"start":{"line":13,"column":0},"end":{"line":13,"column":2}},"13":{"start":{"line":14,"column":0},"end":{"line":14,"column":0}},"14":{"start":{"line":15,"column":0},"end":{"line":15,"column":30}},"15":{"start":{"line":16,"column":0},"end":{"line":16,"column":11}},"16":{"start":{"line":17,"column":0},"end":{"line":17,"column":51}},"17":{"start":{"line":18,"column":0},"end":{"line":18,"column":58}},"18":{"start":{"line":19,"column":0},"end":{"line":19,"column":4}},"19":{"start":{"line":20,"column":0},"end":{"line":20,"column":11}},"20":{"start":{"line":21,"column":0},"end":{"line":21,"column":52}},"21":{"start":{"line":22,"column":0},"end":{"line":22,"column":59}},"22":{"start":{"line":23,"column":0},"end":{"line":23,"column":4}},"23":{"start":{"line":24,"column":0},"end":{"line":24,"column":11}},"24":{"start":{"line":25,"column":0},"end":{"line":25,"column":75}},"25":{"start":{"line":26,"column":0},"end":{"line":26,"column":93}},"26":{"start":{"line":27,"column":0},"end":{"line":27,"column":4}},"27":{"start":{"line":28,"column":0},"end":{"line":28,"column":11}},"28":{"start":{"line":29,"column":0},"end":{"line":29,"column":70}},"29":{"start":{"line":30,"column":0},"end":{"line":30,"column":82}},"30":{"start":{"line":31,"column":0},"end":{"line":31,"column":4}},"31":{"start":{"line":32,"column":0},"end":{"line":32,"column":11}},"32":{"start":{"line":33,"column":0},"end":{"line":33,"column":68}},"33":{"start":{"line":34,"column":0},"end":{"line":34,"column":73}},"34":{"start":{"line":35,"column":0},"end":{"line":35,"column":4}},"35":{"start":{"line":36,"column":0},"end":{"line":36,"column":11}},"36":{"start":{"line":37,"column":0},"end":{"line":37,"column":72}},"37":{"start":{"line":38,"column":0},"end":{"line":38,"column":83}},"38":{"start":{"line":39,"column":0},"end":{"line":39,"column":4}},"39":{"start":{"line":40,"column":0},"end":{"line":40,"column":11}},"40":{"start":{"line":41,"column":0},"end":{"line":41,"column":69}},"41":{"start":{"line":42,"column":0},"end":{"line":42,"column":76}},"42":{"start":{"line":43,"column":0},"end":{"line":43,"column":4}},"43":{"start":{"line":44,"column":0},"end":{"line":44,"column":11}},"44":{"start":{"line":45,"column":0},"end":{"line":45,"column":73}},"45":{"start":{"line":46,"column":0},"end":{"line":46,"column":88}},"46":{"start":{"line":47,"column":0},"end":{"line":47,"column":4}},"47":{"start":{"line":48,"column":0},"end":{"line":48,"column":11}},"48":{"start":{"line":49,"column":0},"end":{"line":49,"column":46}},"49":{"start":{"line":50,"column":0},"end":{"line":50,"column":55}},"50":{"start":{"line":51,"column":0},"end":{"line":51,"column":4}},"51":{"start":{"line":52,"column":0},"end":{"line":52,"column":11}},"52":{"start":{"line":53,"column":0},"end":{"line":53,"column":54}},"53":{"start":{"line":54,"column":0},"end":{"line":54,"column":64}},"54":{"start":{"line":55,"column":0},"end":{"line":55,"column":4}},"55":{"start":{"line":56,"column":0},"end":{"line":56,"column":11}},"56":{"start":{"line":57,"column":0},"end":{"line":57,"column":53}},"57":{"start":{"line":58,"column":0},"end":{"line":58,"column":65}},"58":{"start":{"line":59,"column":0},"end":{"line":59,"column":4}},"59":{"start":{"line":60,"column":0},"end":{"line":60,"column":2}},"60":{"start":{"line":61,"column":0},"end":{"line":61,"column":0}},"61":{"start":{"line":62,"column":0},"end":{"line":62,"column":71}},"62":{"start":{"line":63,"column":0},"end":{"line":63,"column":97}},"63":{"start":{"line":64,"column":0},"end":{"line":64,"column":0}},"64":{"start":{"line":65,"column":0},"end":{"line":65,"column":25}},"65":{"start":{"line":66,"column":0},"end":{"line":66,"column":44}},"66":{"start":{"line":67,"column":0},"end":{"line":67,"column":3}},"67":{"start":{"line":68,"column":0},"end":{"line":68,"column":0}},"68":{"start":{"line":69,"column":0},"end":{"line":69,"column":22}},"69":{"start":{"line":70,"column":0},"end":{"line":70,"column":2}}},"s":{"0":1,"1":1,"2":1,"3":1,"4":1,"5":1,"6":1,"7":1,"8":1,"9":1,"10":1,"11":1,"12":1,"13":1,"14":1,"15":1,"16":1,"17":1,"18":1,"19":1,"20":1,"21":1,"22":1,"23":1,"24":1,"25":1,"26":1,"27":1,"28":1,"29":1,"30":1,"31":1,"32":1,"33":1,"34":1,"35":1,"36":1,"37":1,"38":1,"39":1,"40":1,"41":1,"42":1,"43":1,"44":1,"45":1,"46":1,"47":1,"48":1,"49":1,"50":1,"51":1,"52":1,"53":1,"54":1,"55":1,"56":1,"57":1,"58":1,"59":1,"60":1,"61":1,"62":32,"63":32,"64":32,"65":16,"66":16,"67":16,"68":16,"69":16},"branchMap":{"0":{"type":"branch","line":62,"loc":{"start":{"line":62,"column":31},"end":{"line":70,"column":2}},"locations":[{"start":{"line":62,"column":31},"end":{"line":70,"column":2}}]},"1":{"type":"branch","line":63,"loc":{"start":{"line":63,"column":42},"end":{"line":63,"column":50}},"locations":[{"start":{"line":63,"column":42},"end":{"line":63,"column":50}}]},"2":{"type":"branch","line":63,"loc":{"start":{"line":63,"column":51},"end":{"line":63,"column":77}},"locations":[{"start":{"line":63,"column":51},"end":{"line":63,"column":77}}]},"3":{"type":"branch","line":63,"loc":{"start":{"line":63,"column":73},"end":{"line":63,"column":77}},"locations":[{"start":{"line":63,"column":73},"end":{"line":63,"column":77}}]},"4":{"type":"branch","line":63,"loc":{"start":{"line":63,"column":78},"end":{"line":63,"column":96}},"locations":[{"start":{"line":63,"column":78},"end":{"line":63,"column":96}}]},"5":{"type":"branch","line":65,"loc":{"start":{"line":65,"column":24},"end":{"line":70,"column":2}},"locations":[{"start":{"line":65,"column":24},"end":{"line":70,"column":2}}]}},"b":{"0":[32],"1":[31],"2":[2],"3":[1],"4":[1],"5":[16]},"fnMap":{"0":{"name":"getErrorMessage","decl":{"start":{"line":62,"column":31},"end":{"line":70,"column":2}},"loc":{"start":{"line":62,"column":31},"end":{"line":70,"column":2}},"line":62}},"f":{"0":32}}
,"/Users/Sharhino/Desktop/Isaac/aws/dad/api/utils/amptModel/validate.js": {"path":"/Users/Sharhino/Desktop/Isaac/aws/dad/api/utils/amptModel/validate.js","all":false,"statementMap":{"0":{"start":{"line":1,"column":0},"end":{"line":1,"column":34}},"1":{"start":{"line":2,"column":0},"end":{"line":2,"column":59}},"2":{"start":{"line":3,"column":0},"end":{"line":3,"column":0}},"3":{"start":{"line":4,"column":0},"end":{"line":4,"column":58}},"4":{"start":{"line":5,"column":0},"end":{"line":5,"column":24}},"5":{"start":{"line":6,"column":0},"end":{"line":6,"column":84}},"6":{"start":{"line":7,"column":0},"end":{"line":7,"column":3}},"7":{"start":{"line":8,"column":0},"end":{"line":8,"column":0}},"8":{"start":{"line":9,"column":0},"end":{"line":9,"column":56}},"9":{"start":{"line":10,"column":0},"end":{"line":10,"column":2}},"10":{"start":{"line":11,"column":0},"end":{"line":11,"column":0}},"11":{"start":{"line":12,"column":0},"end":{"line":12,"column":60}},"12":{"start":{"line":13,"column":0},"end":{"line":13,"column":23}},"13":{"start":{"line":14,"column":0},"end":{"line":14,"column":33}},"14":{"start":{"line":15,"column":0},"end":{"line":15,"column":18}},"15":{"start":{"line":16,"column":0},"end":{"line":16,"column":23}},"16":{"start":{"line":17,"column":0},"end":{"line":17,"column":0}},"17":{"start":{"line":18,"column":0},"end":{"line":18,"column":37}},"18":{"start":{"line":19,"column":0},"end":{"line":19,"column":55}},"19":{"start":{"line":20,"column":0},"end":{"line":20,"column":3}},"20":{"start":{"line":21,"column":0},"end":{"line":21,"column":0}},"21":{"start":{"line":22,"column":0},"end":{"line":22,"column":43}},"22":{"start":{"line":23,"column":0},"end":{"line":23,"column":12}},"23":{"start":{"line":24,"column":0},"end":{"line":24,"column":78}},"24":{"start":{"line":25,"column":0},"end":{"line":25,"column":6}},"25":{"start":{"line":26,"column":0},"end":{"line":26,"column":3}},"26":{"start":{"line":27,"column":0},"end":{"line":27,"column":0}},"27":{"start":{"line":28,"column":0},"end":{"line":28,"column":31}},"28":{"start":{"line":29,"column":0},"end":{"line":29,"column":32}},"29":{"start":{"line":30,"column":0},"end":{"line":30,"column":0}},"30":{"start":{"line":31,"column":0},"end":{"line":31,"column":32}},"31":{"start":{"line":32,"column":0},"end":{"line":32,"column":28}},"32":{"start":{"line":33,"column":0},"end":{"line":33,"column":0}},"33":{"start":{"line":34,"column":0},"end":{"line":34,"column":51}},"34":{"start":{"line":35,"column":0},"end":{"line":35,"column":46}},"35":{"start":{"line":36,"column":0},"end":{"line":36,"column":7}},"36":{"start":{"line":37,"column":0},"end":{"line":37,"column":0}},"37":{"start":{"line":38,"column":0},"end":{"line":38,"column":66}},"38":{"start":{"line":39,"column":0},"end":{"line":39,"column":84}},"39":{"start":{"line":40,"column":0},"end":{"line":40,"column":7}},"40":{"start":{"line":41,"column":0},"end":{"line":41,"column":0}},"41":{"start":{"line":42,"column":0},"end":{"line":42,"column":34}},"42":{"start":{"line":43,"column":0},"end":{"line":43,"column":35}},"43":{"start":{"line":44,"column":0},"end":{"line":44,"column":7}},"44":{"start":{"line":45,"column":0},"end":{"line":45,"column":0}},"45":{"start":{"line":46,"column":0},"end":{"line":46,"column":76}},"46":{"start":{"line":47,"column":0},"end":{"line":47,"column":0}},"47":{"start":{"line":48,"column":0},"end":{"line":48,"column":49}},"48":{"start":{"line":49,"column":0},"end":{"line":49,"column":107}},"49":{"start":{"line":50,"column":0},"end":{"line":50,"column":58}},"50":{"start":{"line":51,"column":0},"end":{"line":51,"column":7}},"51":{"start":{"line":52,"column":0},"end":{"line":52,"column":0}},"52":{"start":{"line":53,"column":0},"end":{"line":53,"column":15}},"53":{"start":{"line":54,"column":0},"end":{"line":54,"column":5}},"54":{"start":{"line":55,"column":0},"end":{"line":55,"column":0}},"55":{"start":{"line":56,"column":0},"end":{"line":56,"column":41}},"56":{"start":{"line":57,"column":0},"end":{"line":57,"column":50}},"57":{"start":{"line":58,"column":0},"end":{"line":58,"column":85}},"58":{"start":{"line":59,"column":0},"end":{"line":59,"column":7}},"59":{"start":{"line":60,"column":0},"end":{"line":60,"column":0}},"60":{"start":{"line":61,"column":0},"end":{"line":61,"column":111}},"61":{"start":{"line":62,"column":0},"end":{"line":62,"column":52}},"62":{"start":{"line":63,"column":0},"end":{"line":63,"column":15}},"63":{"start":{"line":64,"column":0},"end":{"line":64,"column":5}},"64":{"start":{"line":65,"column":0},"end":{"line":65,"column":0}},"65":{"start":{"line":66,"column":0},"end":{"line":66,"column":86}},"66":{"start":{"line":67,"column":0},"end":{"line":67,"column":0}},"67":{"start":{"line":68,"column":0},"end":{"line":68,"column":39}},"68":{"start":{"line":69,"column":0},"end":{"line":69,"column":26}},"69":{"start":{"line":70,"column":0},"end":{"line":70,"column":15}},"70":{"start":{"line":71,"column":0},"end":{"line":71,"column":5}},"71":{"start":{"line":72,"column":0},"end":{"line":72,"column":0}},"72":{"start":{"line":73,"column":0},"end":{"line":73,"column":40}},"73":{"start":{"line":74,"column":0},"end":{"line":74,"column":0}},"74":{"start":{"line":75,"column":0},"end":{"line":75,"column":22}},"75":{"start":{"line":76,"column":0},"end":{"line":76,"column":38}},"76":{"start":{"line":77,"column":0},"end":{"line":77,"column":5}},"77":{"start":{"line":78,"column":0},"end":{"line":78,"column":0}},"78":{"start":{"line":79,"column":0},"end":{"line":79,"column":19}},"79":{"start":{"line":80,"column":0},"end":{"line":80,"column":23}},"80":{"start":{"line":81,"column":0},"end":{"line":81,"column":5}},"81":{"start":{"line":82,"column":0},"end":{"line":82,"column":0}},"82":{"start":{"line":83,"column":0},"end":{"line":83,"column":5}},"83":{"start":{"line":84,"column":0},"end":{"line":84,"column":0}},"84":{"start":{"line":85,"column":0},"end":{"line":85,"column":59}},"85":{"start":{"line":86,"column":0},"end":{"line":86,"column":1}},"86":{"start":{"line":87,"column":0},"end":{"line":87,"column":0}},"87":{"start":{"line":88,"column":0},"end":{"line":88,"column":67}},"88":{"start":{"line":89,"column":0},"end":{"line":89,"column":68}},"89":{"start":{"line":90,"column":0},"end":{"line":90,"column":0}},"90":{"start":{"line":91,"column":0},"end":{"line":91,"column":19}},"91":{"start":{"line":92,"column":0},"end":{"line":92,"column":27}},"92":{"start":{"line":93,"column":0},"end":{"line":93,"column":3}},"93":{"start":{"line":94,"column":0},"end":{"line":94,"column":0}},"94":{"start":{"line":95,"column":0},"end":{"line":95,"column":57}},"95":{"start":{"line":96,"column":0},"end":{"line":96,"column":0}},"96":{"start":{"line":97,"column":0},"end":{"line":97,"column":54}},"97":{"start":{"line":98,"column":0},"end":{"line":98,"column":71}},"98":{"start":{"line":99,"column":0},"end":{"line":99,"column":51}},"99":{"start":{"line":100,"column":0},"end":{"line":100,"column":79}},"100":{"start":{"line":101,"column":0},"end":{"line":101,"column":0}},"101":{"start":{"line":102,"column":0},"end":{"line":102,"column":42}},"102":{"start":{"line":103,"column":0},"end":{"line":103,"column":100}},"103":{"start":{"line":104,"column":0},"end":{"line":104,"column":0}},"104":{"start":{"line":105,"column":0},"end":{"line":105,"column":22}},"105":{"start":{"line":106,"column":0},"end":{"line":106,"column":39}},"106":{"start":{"line":107,"column":0},"end":{"line":107,"column":49}},"107":{"start":{"line":108,"column":0},"end":{"line":108,"column":5}},"108":{"start":{"line":109,"column":0},"end":{"line":109,"column":3}},"109":{"start":{"line":110,"column":0},"end":{"line":110,"column":0}},"110":{"start":{"line":111,"column":0},"end":{"line":111,"column":35}},"111":{"start":{"line":112,"column":0},"end":{"line":112,"column":34}},"112":{"start":{"line":113,"column":0},"end":{"line":113,"column":30}},"113":{"start":{"line":114,"column":0},"end":{"line":114,"column":5}},"114":{"start":{"line":115,"column":0},"end":{"line":115,"column":4}},"115":{"start":{"line":116,"column":0},"end":{"line":116,"column":77}},"116":{"start":{"line":117,"column":0},"end":{"line":117,"column":3}},"117":{"start":{"line":118,"column":0},"end":{"line":118,"column":0}},"118":{"start":{"line":119,"column":0},"end":{"line":119,"column":19}},"119":{"start":{"line":120,"column":0},"end":{"line":120,"column":1}},"120":{"start":{"line":121,"column":0},"end":{"line":121,"column":0}},"121":{"start":{"line":122,"column":0},"end":{"line":122,"column":64}},"122":{"start":{"line":123,"column":0},"end":{"line":123,"column":7}},"123":{"start":{"line":124,"column":0},"end":{"line":124,"column":48}},"124":{"start":{"line":125,"column":0},"end":{"line":125,"column":15}},"125":{"start":{"line":126,"column":0},"end":{"line":126,"column":104}},"126":{"start":{"line":127,"column":0},"end":{"line":127,"column":3}},"127":{"start":{"line":128,"column":0},"end":{"line":128,"column":1}},"128":{"start":{"line":129,"column":0},"end":{"line":129,"column":0}},"129":{"start":{"line":130,"column":0},"end":{"line":130,"column":46}},"130":{"start":{"line":131,"column":0},"end":{"line":131,"column":71}},"131":{"start":{"line":132,"column":0},"end":{"line":132,"column":26}},"132":{"start":{"line":133,"column":0},"end":{"line":133,"column":19}},"133":{"start":{"line":134,"column":0},"end":{"line":134,"column":1}},"134":{"start":{"line":135,"column":0},"end":{"line":135,"column":0}},"135":{"start":{"line":136,"column":0},"end":{"line":136,"column":85}},"136":{"start":{"line":137,"column":0},"end":{"line":137,"column":32}},"137":{"start":{"line":138,"column":0},"end":{"line":138,"column":87}},"138":{"start":{"line":139,"column":0},"end":{"line":139,"column":3}},"139":{"start":{"line":140,"column":0},"end":{"line":140,"column":0}},"140":{"start":{"line":141,"column":0},"end":{"line":141,"column":28}},"141":{"start":{"line":142,"column":0},"end":{"line":142,"column":42}},"142":{"start":{"line":143,"column":0},"end":{"line":143,"column":136}},"143":{"start":{"line":144,"column":0},"end":{"line":144,"column":5}},"144":{"start":{"line":145,"column":0},"end":{"line":145,"column":0}},"145":{"start":{"line":146,"column":0},"end":{"line":146,"column":21}},"146":{"start":{"line":147,"column":0},"end":{"line":147,"column":3}},"147":{"start":{"line":148,"column":0},"end":{"line":148,"column":0}},"148":{"start":{"line":149,"column":0},"end":{"line":149,"column":27}},"149":{"start":{"line":150,"column":0},"end":{"line":150,"column":39}},"150":{"start":{"line":151,"column":0},"end":{"line":151,"column":37}},"151":{"start":{"line":152,"column":0},"end":{"line":152,"column":5}},"152":{"start":{"line":153,"column":0},"end":{"line":153,"column":0}},"153":{"start":{"line":154,"column":0},"end":{"line":154,"column":21}},"154":{"start":{"line":155,"column":0},"end":{"line":155,"column":3}},"155":{"start":{"line":156,"column":0},"end":{"line":156,"column":0}},"156":{"start":{"line":157,"column":0},"end":{"line":157,"column":21}},"157":{"start":{"line":158,"column":0},"end":{"line":158,"column":32}},"158":{"start":{"line":159,"column":0},"end":{"line":159,"column":122}},"159":{"start":{"line":160,"column":0},"end":{"line":160,"column":5}},"160":{"start":{"line":161,"column":0},"end":{"line":161,"column":0}},"161":{"start":{"line":162,"column":0},"end":{"line":162,"column":21}},"162":{"start":{"line":163,"column":0},"end":{"line":163,"column":3}},"163":{"start":{"line":164,"column":0},"end":{"line":164,"column":0}},"164":{"start":{"line":165,"column":0},"end":{"line":165,"column":21}},"165":{"start":{"line":166,"column":0},"end":{"line":166,"column":32}},"166":{"start":{"line":167,"column":0},"end":{"line":167,"column":122}},"167":{"start":{"line":168,"column":0},"end":{"line":168,"column":5}},"168":{"start":{"line":169,"column":0},"end":{"line":169,"column":0}},"169":{"start":{"line":170,"column":0},"end":{"line":170,"column":21}},"170":{"start":{"line":171,"column":0},"end":{"line":171,"column":3}},"171":{"start":{"line":172,"column":0},"end":{"line":172,"column":0}},"172":{"start":{"line":173,"column":0},"end":{"line":173,"column":27}},"173":{"start":{"line":174,"column":0},"end":{"line":174,"column":45}},"174":{"start":{"line":175,"column":0},"end":{"line":175,"column":142}},"175":{"start":{"line":176,"column":0},"end":{"line":176,"column":5}},"176":{"start":{"line":177,"column":0},"end":{"line":177,"column":0}},"177":{"start":{"line":178,"column":0},"end":{"line":178,"column":21}},"178":{"start":{"line":179,"column":0},"end":{"line":179,"column":3}},"179":{"start":{"line":180,"column":0},"end":{"line":180,"column":0}},"180":{"start":{"line":181,"column":0},"end":{"line":181,"column":27}},"181":{"start":{"line":182,"column":0},"end":{"line":182,"column":45}},"182":{"start":{"line":183,"column":0},"end":{"line":183,"column":142}},"183":{"start":{"line":184,"column":0},"end":{"line":184,"column":5}},"184":{"start":{"line":185,"column":0},"end":{"line":185,"column":0}},"185":{"start":{"line":186,"column":0},"end":{"line":186,"column":21}},"186":{"start":{"line":187,"column":0},"end":{"line":187,"column":3}},"187":{"start":{"line":188,"column":0},"end":{"line":188,"column":0}},"188":{"start":{"line":189,"column":0},"end":{"line":189,"column":24}},"189":{"start":{"line":190,"column":0},"end":{"line":190,"column":66}},"190":{"start":{"line":191,"column":0},"end":{"line":191,"column":23}},"191":{"start":{"line":192,"column":0},"end":{"line":192,"column":5}},"192":{"start":{"line":193,"column":0},"end":{"line":193,"column":2}},"193":{"start":{"line":194,"column":0},"end":{"line":194,"column":66}},"194":{"start":{"line":195,"column":0},"end":{"line":195,"column":3}},"195":{"start":{"line":196,"column":0},"end":{"line":196,"column":0}},"196":{"start":{"line":197,"column":0},"end":{"line":197,"column":26}},"197":{"start":{"line":198,"column":0},"end":{"line":198,"column":56}},"198":{"start":{"line":199,"column":0},"end":{"line":199,"column":85}},"199":{"start":{"line":200,"column":0},"end":{"line":200,"column":5}},"200":{"start":{"line":201,"column":0},"end":{"line":201,"column":0}},"201":{"start":{"line":202,"column":0},"end":{"line":202,"column":21}},"202":{"start":{"line":203,"column":0},"end":{"line":203,"column":3}},"203":{"start":{"line":204,"column":0},"end":{"line":204,"column":0}},"204":{"start":{"line":205,"column":0},"end":{"line":205,"column":33}},"205":{"start":{"line":206,"column":0},"end":{"line":206,"column":55}},"206":{"start":{"line":207,"column":0},"end":{"line":207,"column":27}},"207":{"start":{"line":208,"column":0},"end":{"line":208,"column":5}},"208":{"start":{"line":209,"column":0},"end":{"line":209,"column":0}},"209":{"start":{"line":210,"column":0},"end":{"line":210,"column":21}},"210":{"start":{"line":211,"column":0},"end":{"line":211,"column":3}},"211":{"start":{"line":212,"column":0},"end":{"line":212,"column":0}},"212":{"start":{"line":213,"column":0},"end":{"line":213,"column":43}},"213":{"start":{"line":214,"column":0},"end":{"line":214,"column":35}},"214":{"start":{"line":215,"column":0},"end":{"line":215,"column":23}},"215":{"start":{"line":216,"column":0},"end":{"line":216,"column":5}},"216":{"start":{"line":217,"column":0},"end":{"line":217,"column":0}},"217":{"start":{"line":218,"column":0},"end":{"line":218,"column":86}},"218":{"start":{"line":219,"column":0},"end":{"line":219,"column":3}},"219":{"start":{"line":220,"column":0},"end":{"line":220,"column":0}},"220":{"start":{"line":221,"column":0},"end":{"line":221,"column":22}},"221":{"start":{"line":222,"column":0},"end":{"line":222,"column":39}},"222":{"start":{"line":223,"column":0},"end":{"line":223,"column":30}},"223":{"start":{"line":224,"column":0},"end":{"line":224,"column":5}},"224":{"start":{"line":225,"column":0},"end":{"line":225,"column":0}},"225":{"start":{"line":226,"column":0},"end":{"line":226,"column":21}},"226":{"start":{"line":227,"column":0},"end":{"line":227,"column":5}},"227":{"start":{"line":228,"column":0},"end":{"line":228,"column":0}},"228":{"start":{"line":229,"column":0},"end":{"line":229,"column":22}},"229":{"start":{"line":230,"column":0},"end":{"line":230,"column":46}},"230":{"start":{"line":231,"column":0},"end":{"line":231,"column":24}},"231":{"start":{"line":232,"column":0},"end":{"line":232,"column":135}},"232":{"start":{"line":233,"column":0},"end":{"line":233,"column":7}},"233":{"start":{"line":234,"column":0},"end":{"line":234,"column":0}},"234":{"start":{"line":235,"column":0},"end":{"line":235,"column":44}},"235":{"start":{"line":236,"column":0},"end":{"line":236,"column":37}},"236":{"start":{"line":237,"column":0},"end":{"line":237,"column":7}},"237":{"start":{"line":238,"column":0},"end":{"line":238,"column":5}},"238":{"start":{"line":239,"column":0},"end":{"line":239,"column":0}},"239":{"start":{"line":240,"column":0},"end":{"line":240,"column":20}},"240":{"start":{"line":241,"column":0},"end":{"line":241,"column":3}},"241":{"start":{"line":242,"column":0},"end":{"line":242,"column":0}},"242":{"start":{"line":243,"column":0},"end":{"line":243,"column":27}},"243":{"start":{"line":244,"column":0},"end":{"line":244,"column":40}},"244":{"start":{"line":245,"column":0},"end":{"line":245,"column":37}},"245":{"start":{"line":246,"column":0},"end":{"line":246,"column":5}},"246":{"start":{"line":247,"column":0},"end":{"line":247,"column":0}},"247":{"start":{"line":248,"column":0},"end":{"line":248,"column":20}},"248":{"start":{"line":249,"column":0},"end":{"line":249,"column":3}},"249":{"start":{"line":250,"column":0},"end":{"line":250,"column":0}},"250":{"start":{"line":251,"column":0},"end":{"line":251,"column":32}},"251":{"start":{"line":252,"column":0},"end":{"line":252,"column":43}},"252":{"start":{"line":253,"column":0},"end":{"line":253,"column":116}},"253":{"start":{"line":254,"column":0},"end":{"line":254,"column":5}},"254":{"start":{"line":255,"column":0},"end":{"line":255,"column":0}},"255":{"start":{"line":256,"column":0},"end":{"line":256,"column":21}},"256":{"start":{"line":257,"column":0},"end":{"line":257,"column":3}},"257":{"start":{"line":258,"column":0},"end":{"line":258,"column":0}},"258":{"start":{"line":259,"column":0},"end":{"line":259,"column":10}},"259":{"start":{"line":260,"column":0},"end":{"line":260,"column":17}},"260":{"start":{"line":261,"column":0},"end":{"line":261,"column":29}},"261":{"start":{"line":262,"column":0},"end":{"line":262,"column":21}},"262":{"start":{"line":263,"column":0},"end":{"line":263,"column":14}},"263":{"start":{"line":264,"column":0},"end":{"line":264,"column":11}},"264":{"start":{"line":265,"column":0},"end":{"line":265,"column":9}},"265":{"start":{"line":266,"column":0},"end":{"line":266,"column":14}},"266":{"start":{"line":267,"column":0},"end":{"line":267,"column":17}},"267":{"start":{"line":268,"column":0},"end":{"line":268,"column":8}},"268":{"start":{"line":269,"column":0},"end":{"line":269,"column":14}},"269":{"start":{"line":270,"column":0},"end":{"line":270,"column":8}},"270":{"start":{"line":271,"column":0},"end":{"line":271,"column":14}},"271":{"start":{"line":272,"column":0},"end":{"line":272,"column":13}},"272":{"start":{"line":273,"column":0},"end":{"line":273,"column":9}},"273":{"start":{"line":274,"column":0},"end":{"line":274,"column":13}},"274":{"start":{"line":275,"column":0},"end":{"line":275,"column":15}},"275":{"start":{"line":276,"column":0},"end":{"line":276,"column":13}},"276":{"start":{"line":277,"column":0},"end":{"line":277,"column":48}},"277":{"start":{"line":278,"column":0},"end":{"line":278,"column":48}},"278":{"start":{"line":279,"column":0},"end":{"line":279,"column":2}},"279":{"start":{"line":280,"column":0},"end":{"line":280,"column":14}},"280":{"start":{"line":281,"column":0},"end":{"line":281,"column":1}},"281":{"start":{"line":282,"column":0},"end":{"line":282,"column":0}},"282":{"start":{"line":283,"column":0},"end":{"line":283,"column":29}},"283":{"start":{"line":284,"column":0},"end":{"line":284,"column":27}},"284":{"start":{"line":285,"column":0},"end":{"line":285,"column":69}},"285":{"start":{"line":286,"column":0},"end":{"line":286,"column":1}},"286":{"start":{"line":287,"column":0},"end":{"line":287,"column":0}},"287":{"start":{"line":288,"column":0},"end":{"line":288,"column":35}},"288":{"start":{"line":289,"column":0},"end":{"line":289,"column":120}},"289":{"start":{"line":290,"column":0},"end":{"line":290,"column":1}},"290":{"start":{"line":291,"column":0},"end":{"line":291,"column":0}},"291":{"start":{"line":292,"column":0},"end":{"line":292,"column":32}},"292":{"start":{"line":293,"column":0},"end":{"line":293,"column":102}},"293":{"start":{"line":294,"column":0},"end":{"line":294,"column":1}},"294":{"start":{"line":295,"column":0},"end":{"line":295,"column":0}},"295":{"start":{"line":296,"column":0},"end":{"line":296,"column":37}},"296":{"start":{"line":297,"column":0},"end":{"line":297,"column":88}},"297":{"start":{"line":298,"column":0},"end":{"line":298,"column":115}},"298":{"start":{"line":299,"column":0},"end":{"line":299,"column":1}},"299":{"start":{"line":300,"column":0},"end":{"line":300,"column":0}},"300":{"start":{"line":301,"column":0},"end":{"line":301,"column":45}},"301":{"start":{"line":302,"column":0},"end":{"line":302,"column":43}},"302":{"start":{"line":303,"column":0},"end":{"line":303,"column":40}},"303":{"start":{"line":304,"column":0},"end":{"line":304,"column":40}},"304":{"start":{"line":305,"column":0},"end":{"line":305,"column":43}},"305":{"start":{"line":306,"column":0},"end":{"line":306,"column":2}},"306":{"start":{"line":307,"column":0},"end":{"line":307,"column":76}},"307":{"start":{"line":308,"column":0},"end":{"line":308,"column":1}},"308":{"start":{"line":309,"column":0},"end":{"line":309,"column":0}},"309":{"start":{"line":310,"column":0},"end":{"line":310,"column":30}},"310":{"start":{"line":311,"column":0},"end":{"line":311,"column":75}},"311":{"start":{"line":312,"column":0},"end":{"line":312,"column":1}},"312":{"start":{"line":313,"column":0},"end":{"line":313,"column":0}},"313":{"start":{"line":314,"column":0},"end":{"line":314,"column":49}},"314":{"start":{"line":315,"column":0},"end":{"line":315,"column":70}},"315":{"start":{"line":316,"column":0},"end":{"line":316,"column":34}},"316":{"start":{"line":317,"column":0},"end":{"line":317,"column":3}},"317":{"start":{"line":318,"column":0},"end":{"line":318,"column":0}},"318":{"start":{"line":319,"column":0},"end":{"line":319,"column":15}},"319":{"start":{"line":320,"column":0},"end":{"line":320,"column":1}}},"s":{"0":1,"1":1,"2":1,"3":1,"4":64,"5":2,"6":2,"7":62,"8":62,"9":62,"10":1,"11":73,"12":73,"13":73,"14":73,"15":73,"16":73,"17":73,"18":2,"19":2,"20":71,"21":73,"22":13,"23":13,"24":12,"25":12,"26":58,"27":73,"28":115,"29":115,"30":115,"31":11,"32":11,"33":11,"34":2,"35":2,"36":11,"37":11,"38":1,"39":1,"40":10,"41":11,"42":1,"43":1,"44":10,"45":11,"46":11,"47":11,"48":9,"49":8,"50":8,"51":9,"52":9,"53":9,"54":104,"55":115,"56":2,"57":1,"58":1,"59":1,"60":1,"61":1,"62":1,"63":1,"64":102,"65":102,"66":89,"67":115,"68":6,"69":6,"70":6,"71":83,"72":83,"73":83,"74":115,"75":2,"76":2,"77":83,"78":115,"79":1,"80":1,"81":115,"82":73,"83":42,"84":42,"85":42,"86":1,"87":115,"88":115,"89":115,"90":115,"91":6,"92":6,"93":109,"94":115,"95":115,"96":115,"97":115,"98":115,"99":115,"100":115,"101":115,"102":133,"103":133,"104":133,"105":127,"106":113,"107":113,"108":133,"109":95,"110":115,"111":37,"112":31,"113":31,"114":6,"115":6,"116":6,"117":58,"118":58,"119":58,"120":1,"121":25,"122":25,"123":25,"124":25,"125":2,"126":2,"127":25,"128":1,"129":109,"130":109,"131":109,"132":109,"133":109,"134":1,"135":133,"136":133,"137":10,"138":10,"139":133,"140":133,"141":7,"142":2,"143":2,"144":5,"145":5,"146":7,"147":133,"148":133,"149":11,"150":10,"151":10,"152":1,"153":1,"154":11,"155":133,"156":133,"157":2,"158":1,"159":1,"160":1,"161":1,"162":2,"163":133,"164":133,"165":2,"166":1,"167":1,"168":1,"169":1,"170":2,"171":133,"172":133,"173":5,"174":4,"175":4,"176":1,"177":1,"178":5,"179":133,"180":133,"181":3,"182":1,"183":1,"184":2,"185":2,"186":3,"187":133,"188":133,"189":3,"190":2,"191":2,"192":1,"193":1,"194":3,"195":133,"196":133,"197":2,"198":1,"199":1,"200":1,"201":1,"202":2,"203":133,"204":133,"205":3,"206":2,"207":2,"208":1,"209":1,"210":3,"211":133,"212":133,"213":20,"214":11,"215":11,"216":9,"217":9,"218":20,"219":133,"220":133,"221":10,"222":9,"223":9,"224":1,"225":1,"226":133,"227":133,"228":133,"229":45,"230":3,"231":1,"232":1,"233":2,"234":2,"235":2,"236":2,"237":3,"238":42,"239":42,"240":45,"241":133,"242":133,"243":2,"244":1,"245":1,"246":1,"247":1,"248":2,"249":133,"250":133,"251":2,"252":1,"253":1,"254":1,"255":1,"256":2,"257":133,"258":133,"259":133,"260":133,"261":133,"262":133,"263":133,"264":133,"265":133,"266":133,"267":133,"268":133,"269":133,"270":133,"271":133,"272":133,"273":133,"274":133,"275":133,"276":133,"277":133,"278":133,"279":133,"280":133,"281":1,"282":46,"283":46,"284":46,"285":46,"286":1,"287":37,"288":37,"289":37,"290":1,"291":115,"292":115,"293":115,"294":1,"295":104,"296":104,"297":104,"298":104,"299":1,"300":45,"301":45,"302":45,"303":45,"304":45,"305":45,"306":45,"307":45,"308":1,"309":2,"310":2,"311":2,"312":1,"313":113,"314":113,"315":97,"316":97,"317":113,"318":113,"319":113},"branchMap":{"0":{"type":"branch","line":4,"loc":{"start":{"line":4,"column":15},"end":{"line":10,"column":2}},"locations":[{"start":{"line":4,"column":15},"end":{"line":10,"column":2}}]},"1":{"type":"branch","line":5,"loc":{"start":{"line":5,"column":23},"end":{"line":7,"column":3}},"locations":[{"start":{"line":5,"column":23},"end":{"line":7,"column":3}}]},"2":{"type":"branch","line":8,"loc":{"start":{"line":8,"column":-1},"end":{"line":10,"column":2}},"locations":[{"start":{"line":8,"column":-1},"end":{"line":10,"column":2}}]},"3":{"type":"branch","line":6,"loc":{"start":{"line":6,"column":11},"end":{"line":6,"column":83}},"locations":[{"start":{"line":6,"column":11},"end":{"line":6,"column":83}}]},"4":{"type":"branch","line":12,"loc":{"start":{"line":12,"column":0},"end":{"line":86,"column":1}},"locations":[{"start":{"line":12,"column":0},"end":{"line":86,"column":1}}]},"5":{"type":"branch","line":18,"loc":{"start":{"line":18,"column":36},"end":{"line":20,"column":3}},"locations":[{"start":{"line":18,"column":36},"end":{"line":20,"column":3}}]},"6":{"type":"branch","line":21,"loc":{"start":{"line":21,"column":-1},"end":{"line":22,"column":42}},"locations":[{"start":{"line":21,"column":-1},"end":{"line":22,"column":42}}]},"7":{"type":"branch","line":22,"loc":{"start":{"line":22,"column":42},"end":{"line":26,"column":3}},"locations":[{"start":{"line":22,"column":42},"end":{"line":26,"column":3}}]},"8":{"type":"branch","line":25,"loc":{"start":{"line":25,"column":-1},"end":{"line":26,"column":3}},"locations":[{"start":{"line":25,"column":-1},"end":{"line":26,"column":3}}]},"9":{"type":"branch","line":27,"loc":{"start":{"line":27,"column":-1},"end":{"line":28,"column":30}},"locations":[{"start":{"line":27,"column":-1},"end":{"line":28,"column":30}}]},"10":{"type":"branch","line":28,"loc":{"start":{"line":28,"column":30},"end":{"line":83,"column":3}},"locations":[{"start":{"line":28,"column":30},"end":{"line":83,"column":3}}]},"11":{"type":"branch","line":31,"loc":{"start":{"line":31,"column":31},"end":{"line":54,"column":5}},"locations":[{"start":{"line":31,"column":31},"end":{"line":54,"column":5}}]},"12":{"type":"branch","line":34,"loc":{"start":{"line":34,"column":32},"end":{"line":34,"column":48}},"locations":[{"start":{"line":34,"column":32},"end":{"line":34,"column":48}}]},"13":{"type":"branch","line":34,"loc":{"start":{"line":34,"column":50},"end":{"line":36,"column":7}},"locations":[{"start":{"line":34,"column":50},"end":{"line":36,"column":7}}]},"14":{"type":"branch","line":38,"loc":{"start":{"line":38,"column":48},"end":{"line":38,"column":63}},"locations":[{"start":{"line":38,"column":48},"end":{"line":38,"column":63}}]},"15":{"type":"branch","line":38,"loc":{"start":{"line":38,"column":65},"end":{"line":40,"column":7}},"locations":[{"start":{"line":38,"column":65},"end":{"line":40,"column":7}}]},"16":{"type":"branch","line":41,"loc":{"start":{"line":41,"column":-1},"end":{"line":42,"column":33}},"locations":[{"start":{"line":41,"column":-1},"end":{"line":42,"column":33}}]},"17":{"type":"branch","line":42,"loc":{"start":{"line":42,"column":33},"end":{"line":44,"column":7}},"locations":[{"start":{"line":42,"column":33},"end":{"line":44,"column":7}}]},"18":{"type":"branch","line":45,"loc":{"start":{"line":45,"column":-1},"end":{"line":46,"column":35}},"locations":[{"start":{"line":45,"column":-1},"end":{"line":46,"column":35}}]},"19":{"type":"branch","line":46,"loc":{"start":{"line":46,"column":35},"end":{"line":46,"column":64}},"locations":[{"start":{"line":46,"column":35},"end":{"line":46,"column":64}}]},"20":{"type":"branch","line":46,"loc":{"start":{"line":46,"column":51},"end":{"line":46,"column":64}},"locations":[{"start":{"line":46,"column":51},"end":{"line":46,"column":64}}]},"21":{"type":"branch","line":46,"loc":{"start":{"line":46,"column":65},"end":{"line":46,"column":75}},"locations":[{"start":{"line":46,"column":65},"end":{"line":46,"column":75}}]},"22":{"type":"branch","line":48,"loc":{"start":{"line":48,"column":48},"end":{"line":54,"column":5}},"locations":[{"start":{"line":48,"column":48},"end":{"line":54,"column":5}}]},"23":{"type":"branch","line":49,"loc":{"start":{"line":49,"column":58},"end":{"line":49,"column":64}},"locations":[{"start":{"line":49,"column":58},"end":{"line":49,"column":64}}]},"24":{"type":"branch","line":50,"loc":{"start":{"line":50,"column":-1},"end":{"line":51,"column":7}},"locations":[{"start":{"line":50,"column":-1},"end":{"line":51,"column":7}}]},"25":{"type":"branch","line":55,"loc":{"start":{"line":55,"column":-1},"end":{"line":56,"column":40}},"locations":[{"start":{"line":55,"column":-1},"end":{"line":56,"column":40}}]},"26":{"type":"branch","line":56,"loc":{"start":{"line":56,"column":40},"end":{"line":64,"column":5}},"locations":[{"start":{"line":56,"column":40},"end":{"line":64,"column":5}}]},"27":{"type":"branch","line":57,"loc":{"start":{"line":57,"column":49},"end":{"line":64,"column":5}},"locations":[{"start":{"line":57,"column":49},"end":{"line":64,"column":5}}]},"28":{"type":"branch","line":65,"loc":{"start":{"line":65,"column":-1},"end":{"line":66,"column":86}},"locations":[{"start":{"line":65,"column":-1},"end":{"line":66,"column":86}}]},"29":{"type":"branch","line":67,"loc":{"start":{"line":67,"column":-1},"end":{"line":68,"column":36}},"locations":[{"start":{"line":67,"column":-1},"end":{"line":68,"column":36}}]},"30":{"type":"branch","line":68,"loc":{"start":{"line":68,"column":38},"end":{"line":71,"column":5}},"locations":[{"start":{"line":68,"column":38},"end":{"line":71,"column":5}}]},"31":{"type":"branch","line":72,"loc":{"start":{"line":72,"column":-1},"end":{"line":75,"column":21}},"locations":[{"start":{"line":72,"column":-1},"end":{"line":75,"column":21}}]},"32":{"type":"branch","line":75,"loc":{"start":{"line":75,"column":21},"end":{"line":77,"column":5}},"locations":[{"start":{"line":75,"column":21},"end":{"line":77,"column":5}}]},"33":{"type":"branch","line":78,"loc":{"start":{"line":78,"column":-1},"end":{"line":79,"column":18}},"locations":[{"start":{"line":78,"column":-1},"end":{"line":79,"column":18}}]},"34":{"type":"branch","line":79,"loc":{"start":{"line":79,"column":18},"end":{"line":81,"column":5}},"locations":[{"start":{"line":79,"column":18},"end":{"line":81,"column":5}}]},"35":{"type":"branch","line":83,"loc":{"start":{"line":83,"column":3},"end":{"line":86,"column":1}},"locations":[{"start":{"line":83,"column":3},"end":{"line":86,"column":1}}]},"36":{"type":"branch","line":88,"loc":{"start":{"line":88,"column":0},"end":{"line":120,"column":1}},"locations":[{"start":{"line":88,"column":0},"end":{"line":120,"column":1}}]},"37":{"type":"branch","line":89,"loc":{"start":{"line":89,"column":50},"end":{"line":89,"column":67}},"locations":[{"start":{"line":89,"column":50},"end":{"line":89,"column":67}}]},"38":{"type":"branch","line":91,"loc":{"start":{"line":91,"column":18},"end":{"line":93,"column":3}},"locations":[{"start":{"line":91,"column":18},"end":{"line":93,"column":3}}]},"39":{"type":"branch","line":94,"loc":{"start":{"line":94,"column":-1},"end":{"line":95,"column":16}},"locations":[{"start":{"line":94,"column":-1},"end":{"line":95,"column":16}}]},"40":{"type":"branch","line":95,"loc":{"start":{"line":95,"column":16},"end":{"line":95,"column":38}},"locations":[{"start":{"line":95,"column":16},"end":{"line":95,"column":38}}]},"41":{"type":"branch","line":95,"loc":{"start":{"line":95,"column":39},"end":{"line":95,"column":56}},"locations":[{"start":{"line":95,"column":39},"end":{"line":95,"column":56}}]},"42":{"type":"branch","line":98,"loc":{"start":{"line":98,"column":64},"end":{"line":98,"column":69}},"locations":[{"start":{"line":98,"column":64},"end":{"line":98,"column":69}}]},"43":{"type":"branch","line":102,"loc":{"start":{"line":102,"column":41},"end":{"line":109,"column":3}},"locations":[{"start":{"line":102,"column":41},"end":{"line":109,"column":3}}]},"44":{"type":"branch","line":105,"loc":{"start":{"line":105,"column":21},"end":{"line":108,"column":5}},"locations":[{"start":{"line":105,"column":21},"end":{"line":108,"column":5}}]},"45":{"type":"branch","line":107,"loc":{"start":{"line":107,"column":-1},"end":{"line":108,"column":5}},"locations":[{"start":{"line":107,"column":-1},"end":{"line":108,"column":5}}]},"46":{"type":"branch","line":110,"loc":{"start":{"line":110,"column":-1},"end":{"line":111,"column":34}},"locations":[{"start":{"line":110,"column":-1},"end":{"line":111,"column":34}}]},"47":{"type":"branch","line":111,"loc":{"start":{"line":111,"column":34},"end":{"line":117,"column":3}},"locations":[{"start":{"line":111,"column":34},"end":{"line":117,"column":3}}]},"48":{"type":"branch","line":112,"loc":{"start":{"line":112,"column":33},"end":{"line":114,"column":5}},"locations":[{"start":{"line":112,"column":33},"end":{"line":114,"column":5}}]},"49":{"type":"branch","line":115,"loc":{"start":{"line":115,"column":-1},"end":{"line":117,"column":3}},"locations":[{"start":{"line":115,"column":-1},"end":{"line":117,"column":3}}]},"50":{"type":"branch","line":118,"loc":{"start":{"line":118,"column":-1},"end":{"line":120,"column":1}},"locations":[{"start":{"line":118,"column":-1},"end":{"line":120,"column":1}}]},"51":{"type":"branch","line":122,"loc":{"start":{"line":122,"column":0},"end":{"line":128,"column":1}},"locations":[{"start":{"line":122,"column":0},"end":{"line":128,"column":1}}]},"52":{"type":"branch","line":125,"loc":{"start":{"line":125,"column":4},"end":{"line":127,"column":3}},"locations":[{"start":{"line":125,"column":4},"end":{"line":127,"column":3}}]},"53":{"type":"branch","line":130,"loc":{"start":{"line":130,"column":0},"end":{"line":134,"column":1}},"locations":[{"start":{"line":130,"column":0},"end":{"line":134,"column":1}}]},"54":{"type":"branch","line":131,"loc":{"start":{"line":131,"column":44},"end":{"line":131,"column":70}},"locations":[{"start":{"line":131,"column":44},"end":{"line":131,"column":70}}]},"55":{"type":"branch","line":132,"loc":{"start":{"line":132,"column":2},"end":{"line":132,"column":25}},"locations":[{"start":{"line":132,"column":2},"end":{"line":132,"column":25}}]},"56":{"type":"branch","line":133,"loc":{"start":{"line":133,"column":2},"end":{"line":133,"column":18}},"locations":[{"start":{"line":133,"column":2},"end":{"line":133,"column":18}}]},"57":{"type":"branch","line":136,"loc":{"start":{"line":136,"column":0},"end":{"line":281,"column":1}},"locations":[{"start":{"line":136,"column":0},"end":{"line":281,"column":1}}]},"58":{"type":"branch","line":137,"loc":{"start":{"line":137,"column":19},"end":{"line":139,"column":3}},"locations":[{"start":{"line":137,"column":19},"end":{"line":139,"column":3}}]},"59":{"type":"branch","line":141,"loc":{"start":{"line":141,"column":21},"end":{"line":147,"column":3}},"locations":[{"start":{"line":141,"column":21},"end":{"line":147,"column":3}}]},"60":{"type":"branch","line":142,"loc":{"start":{"line":142,"column":41},"end":{"line":144,"column":5}},"locations":[{"start":{"line":142,"column":41},"end":{"line":144,"column":5}}]},"61":{"type":"branch","line":145,"loc":{"start":{"line":145,"column":-1},"end":{"line":147,"column":2}},"locations":[{"start":{"line":145,"column":-1},"end":{"line":147,"column":2}}]},"62":{"type":"branch","line":149,"loc":{"start":{"line":149,"column":20},"end":{"line":155,"column":3}},"locations":[{"start":{"line":149,"column":20},"end":{"line":155,"column":3}}]},"63":{"type":"branch","line":150,"loc":{"start":{"line":150,"column":38},"end":{"line":152,"column":5}},"locations":[{"start":{"line":150,"column":38},"end":{"line":152,"column":5}}]},"64":{"type":"branch","line":153,"loc":{"start":{"line":153,"column":-1},"end":{"line":155,"column":2}},"locations":[{"start":{"line":153,"column":-1},"end":{"line":155,"column":2}}]},"65":{"type":"branch","line":157,"loc":{"start":{"line":157,"column":14},"end":{"line":163,"column":3}},"locations":[{"start":{"line":157,"column":14},"end":{"line":163,"column":3}}]},"66":{"type":"branch","line":158,"loc":{"start":{"line":158,"column":31},"end":{"line":163,"column":2}},"locations":[{"start":{"line":158,"column":31},"end":{"line":163,"column":2}}]},"67":{"type":"branch","line":165,"loc":{"start":{"line":165,"column":14},"end":{"line":171,"column":3}},"locations":[{"start":{"line":165,"column":14},"end":{"line":171,"column":3}}]},"68":{"type":"branch","line":166,"loc":{"start":{"line":166,"column":31},"end":{"line":171,"column":2}},"locations":[{"start":{"line":166,"column":31},"end":{"line":171,"column":2}}]},"69":{"type":"branch","line":173,"loc":{"start":{"line":173,"column":20},"end":{"line":179,"column":3}},"locations":[{"start":{"line":173,"column":20},"end":{"line":179,"column":3}}]},"70":{"type":"branch","line":174,"loc":{"start":{"line":174,"column":44},"end":{"line":176,"column":5}},"locations":[{"start":{"line":174,"column":44},"end":{"line":176,"column":5}}]},"71":{"type":"branch","line":177,"loc":{"start":{"line":177,"column":-1},"end":{"line":179,"column":2}},"locations":[{"start":{"line":177,"column":-1},"end":{"line":179,"column":2}}]},"72":{"type":"branch","line":181,"loc":{"start":{"line":181,"column":20},"end":{"line":187,"column":3}},"locations":[{"start":{"line":181,"column":20},"end":{"line":187,"column":3}}]},"73":{"type":"branch","line":182,"loc":{"start":{"line":182,"column":44},"end":{"line":184,"column":5}},"locations":[{"start":{"line":182,"column":44},"end":{"line":184,"column":5}}]},"74":{"type":"branch","line":185,"loc":{"start":{"line":185,"column":-1},"end":{"line":187,"column":2}},"locations":[{"start":{"line":185,"column":-1},"end":{"line":187,"column":2}}]},"75":{"type":"branch","line":189,"loc":{"start":{"line":189,"column":17},"end":{"line":195,"column":3}},"locations":[{"start":{"line":189,"column":17},"end":{"line":195,"column":3}}]},"76":{"type":"branch","line":190,"loc":{"start":{"line":190,"column":38},"end":{"line":190,"column":63}},"locations":[{"start":{"line":190,"column":38},"end":{"line":190,"column":63}}]},"77":{"type":"branch","line":190,"loc":{"start":{"line":190,"column":65},"end":{"line":192,"column":5}},"locations":[{"start":{"line":190,"column":65},"end":{"line":192,"column":5}}]},"78":{"type":"branch","line":193,"loc":{"start":{"line":193,"column":-1},"end":{"line":195,"column":2}},"locations":[{"start":{"line":193,"column":-1},"end":{"line":195,"column":2}}]},"79":{"type":"branch","line":197,"loc":{"start":{"line":197,"column":19},"end":{"line":203,"column":3}},"locations":[{"start":{"line":197,"column":19},"end":{"line":203,"column":3}}]},"80":{"type":"branch","line":198,"loc":{"start":{"line":198,"column":32},"end":{"line":198,"column":53}},"locations":[{"start":{"line":198,"column":32},"end":{"line":198,"column":53}}]},"81":{"type":"branch","line":198,"loc":{"start":{"line":198,"column":55},"end":{"line":203,"column":2}},"locations":[{"start":{"line":198,"column":55},"end":{"line":203,"column":2}}]},"82":{"type":"branch","line":205,"loc":{"start":{"line":205,"column":26},"end":{"line":211,"column":3}},"locations":[{"start":{"line":205,"column":26},"end":{"line":211,"column":3}}]},"83":{"type":"branch","line":206,"loc":{"start":{"line":206,"column":31},"end":{"line":206,"column":52}},"locations":[{"start":{"line":206,"column":31},"end":{"line":206,"column":52}}]},"84":{"type":"branch","line":206,"loc":{"start":{"line":206,"column":54},"end":{"line":208,"column":5}},"locations":[{"start":{"line":206,"column":54},"end":{"line":208,"column":5}}]},"85":{"type":"branch","line":209,"loc":{"start":{"line":209,"column":-1},"end":{"line":211,"column":2}},"locations":[{"start":{"line":209,"column":-1},"end":{"line":211,"column":2}}]},"86":{"type":"branch","line":213,"loc":{"start":{"line":213,"column":24},"end":{"line":219,"column":3}},"locations":[{"start":{"line":213,"column":24},"end":{"line":219,"column":3}}]},"87":{"type":"branch","line":214,"loc":{"start":{"line":214,"column":34},"end":{"line":216,"column":5}},"locations":[{"start":{"line":214,"column":34},"end":{"line":216,"column":5}}]},"88":{"type":"branch","line":217,"loc":{"start":{"line":217,"column":-1},"end":{"line":219,"column":2}},"locations":[{"start":{"line":217,"column":-1},"end":{"line":219,"column":2}}]},"89":{"type":"branch","line":221,"loc":{"start":{"line":221,"column":15},"end":{"line":227,"column":3}},"locations":[{"start":{"line":221,"column":15},"end":{"line":227,"column":3}}]},"90":{"type":"branch","line":222,"loc":{"start":{"line":222,"column":38},"end":{"line":224,"column":5}},"locations":[{"start":{"line":222,"column":38},"end":{"line":224,"column":5}}]},"91":{"type":"branch","line":225,"loc":{"start":{"line":225,"column":-1},"end":{"line":227,"column":2}},"locations":[{"start":{"line":225,"column":-1},"end":{"line":227,"column":2}}]},"92":{"type":"branch","line":229,"loc":{"start":{"line":229,"column":15},"end":{"line":241,"column":3}},"locations":[{"start":{"line":229,"column":15},"end":{"line":241,"column":3}}]},"93":{"type":"branch","line":230,"loc":{"start":{"line":230,"column":45},"end":{"line":238,"column":5}},"locations":[{"start":{"line":230,"column":45},"end":{"line":238,"column":5}}]},"94":{"type":"branch","line":231,"loc":{"start":{"line":231,"column":23},"end":{"line":233,"column":7}},"locations":[{"start":{"line":231,"column":23},"end":{"line":233,"column":7}}]},"95":{"type":"branch","line":234,"loc":{"start":{"line":234,"column":-1},"end":{"line":237,"column":7}},"locations":[{"start":{"line":234,"column":-1},"end":{"line":237,"column":7}}]},"96":{"type":"branch","line":239,"loc":{"start":{"line":239,"column":-1},"end":{"line":241,"column":2}},"locations":[{"start":{"line":239,"column":-1},"end":{"line":241,"column":2}}]},"97":{"type":"branch","line":243,"loc":{"start":{"line":243,"column":20},"end":{"line":249,"column":3}},"locations":[{"start":{"line":243,"column":20},"end":{"line":249,"column":3}}]},"98":{"type":"branch","line":244,"loc":{"start":{"line":244,"column":39},"end":{"line":249,"column":2}},"locations":[{"start":{"line":244,"column":39},"end":{"line":249,"column":2}}]},"99":{"type":"branch","line":251,"loc":{"start":{"line":251,"column":19},"end":{"line":257,"column":3}},"locations":[{"start":{"line":251,"column":19},"end":{"line":257,"column":3}}]},"100":{"type":"branch","line":252,"loc":{"start":{"line":252,"column":42},"end":{"line":257,"column":2}},"locations":[{"start":{"line":252,"column":42},"end":{"line":257,"column":2}}]},"101":{"type":"branch","line":277,"loc":{"start":{"line":277,"column":9},"end":{"line":277,"column":47}},"locations":[{"start":{"line":277,"column":9},"end":{"line":277,"column":47}}]},"102":{"type":"branch","line":278,"loc":{"start":{"line":278,"column":9},"end":{"line":278,"column":47}},"locations":[{"start":{"line":278,"column":9},"end":{"line":278,"column":47}}]},"103":{"type":"branch","line":283,"loc":{"start":{"line":283,"column":0},"end":{"line":286,"column":1}},"locations":[{"start":{"line":283,"column":0},"end":{"line":286,"column":1}}]},"104":{"type":"branch","line":285,"loc":{"start":{"line":285,"column":36},"end":{"line":285,"column":61}},"locations":[{"start":{"line":285,"column":36},"end":{"line":285,"column":61}}]},"105":{"type":"branch","line":285,"loc":{"start":{"line":285,"column":62},"end":{"line":285,"column":68}},"locations":[{"start":{"line":285,"column":62},"end":{"line":285,"column":68}}]},"106":{"type":"branch","line":288,"loc":{"start":{"line":288,"column":0},"end":{"line":290,"column":1}},"locations":[{"start":{"line":288,"column":0},"end":{"line":290,"column":1}}]},"107":{"type":"branch","line":292,"loc":{"start":{"line":292,"column":0},"end":{"line":294,"column":1}},"locations":[{"start":{"line":292,"column":0},"end":{"line":294,"column":1}}]},"108":{"type":"branch","line":293,"loc":{"start":{"line":293,"column":30},"end":{"line":293,"column":53}},"locations":[{"start":{"line":293,"column":30},"end":{"line":293,"column":53}}]},"109":{"type":"branch","line":293,"loc":{"start":{"line":293,"column":54},"end":{"line":293,"column":72}},"locations":[{"start":{"line":293,"column":54},"end":{"line":293,"column":72}}]},"110":{"type":"branch","line":293,"loc":{"start":{"line":293,"column":73},"end":{"line":293,"column":101}},"locations":[{"start":{"line":293,"column":73},"end":{"line":293,"column":101}}]},"111":{"type":"branch","line":296,"loc":{"start":{"line":296,"column":0},"end":{"line":299,"column":1}},"locations":[{"start":{"line":296,"column":0},"end":{"line":299,"column":1}}]},"112":{"type":"branch","line":298,"loc":{"start":{"line":298,"column":39},"end":{"line":298,"column":114}},"locations":[{"start":{"line":298,"column":39},"end":{"line":298,"column":114}}]},"113":{"type":"branch","line":298,"loc":{"start":{"line":298,"column":74},"end":{"line":298,"column":113}},"locations":[{"start":{"line":298,"column":74},"end":{"line":298,"column":113}}]},"114":{"type":"branch","line":301,"loc":{"start":{"line":301,"column":0},"end":{"line":308,"column":1}},"locations":[{"start":{"line":301,"column":0},"end":{"line":308,"column":1}}]},"115":{"type":"branch","line":310,"loc":{"start":{"line":310,"column":0},"end":{"line":312,"column":1}},"locations":[{"start":{"line":310,"column":0},"end":{"line":312,"column":1}}]},"116":{"type":"branch","line":314,"loc":{"start":{"line":314,"column":0},"end":{"line":320,"column":1}},"locations":[{"start":{"line":314,"column":0},"end":{"line":320,"column":1}}]},"117":{"type":"branch","line":315,"loc":{"start":{"line":315,"column":41},"end":{"line":315,"column":67}},"locations":[{"start":{"line":315,"column":41},"end":{"line":315,"column":67}}]},"118":{"type":"branch","line":315,"loc":{"start":{"line":315,"column":69},"end":{"line":317,"column":3}},"locations":[{"start":{"line":315,"column":69},"end":{"line":317,"column":3}}]}},"b":{"0":[64],"1":[2],"2":[62],"3":[1],"4":[73],"5":[2],"6":[71],"7":[13],"8":[12],"9":[58],"10":[115],"11":[11],"12":[3],"13":[2],"14":[2],"15":[1],"16":[10],"17":[1],"18":[10],"19":[2],"20":[1],"21":[8],"22":[9],"23":[1],"24":[8],"25":[104],"26":[2],"27":[1],"28":[102],"29":[89],"30":[6],"31":[83],"32":[2],"33":[83],"34":[1],"35":[42],"36":[115],"37":[13],"38":[6],"39":[109],"40":[13],"41":[6],"42":[107],"43":[133],"44":[127],"45":[113],"46":[95],"47":[37],"48":[31],"49":[6],"50":[58],"51":[25],"52":[2],"53":[109],"54":[96],"55":[96],"56":[13],"57":[133],"58":[10],"59":[7],"60":[2],"61":[5],"62":[11],"63":[10],"64":[1],"65":[2],"66":[1],"67":[2],"68":[1],"69":[5],"70":[4],"71":[1],"72":[3],"73":[1],"74":[2],"75":[3],"76":[1],"77":[2],"78":[1],"79":[2],"80":[1],"81":[1],"82":[3],"83":[2],"84":[2],"85":[1],"86":[20],"87":[11],"88":[9],"89":[10],"90":[9],"91":[1],"92":[45],"93":[3],"94":[1],"95":[2],"96":[42],"97":[2],"98":[1],"99":[2],"100":[1],"101":[7],"102":[13],"103":[46],"104":[45],"105":[1],"106":[37],"107":[115],"108":[107],"109":[107],"110":[107],"111":[104],"112":[66],"113":[120],"114":[45],"115":[2],"116":[113],"117":[97],"118":[97]},"fnMap":{"0":{"name":"__vite_ssr_exports__.default","decl":{"start":{"line":4,"column":15},"end":{"line":10,"column":2}},"loc":{"start":{"line":4,"column":15},"end":{"line":10,"column":2}},"line":4},"1":{"name":"validate","decl":{"start":{"line":12,"column":0},"end":{"line":86,"column":1}},"loc":{"start":{"line":12,"column":0},"end":{"line":86,"column":1}},"line":12},"2":{"name":"validateItem","decl":{"start":{"line":88,"column":0},"end":{"line":120,"column":1}},"loc":{"start":{"line":88,"column":0},"end":{"line":120,"column":1}},"line":88},"3":{"name":"executeCustomMethod","decl":{"start":{"line":122,"column":0},"end":{"line":128,"column":1}},"loc":{"start":{"line":122,"column":0},"end":{"line":128,"column":1}},"line":122},"4":{"name":"getDataValue","decl":{"start":{"line":130,"column":0},"end":{"line":134,"column":1}},"loc":{"start":{"line":130,"column":0},"end":{"line":134,"column":1}},"line":130},"5":{"name":"getRuleFunction","decl":{"start":{"line":136,"column":0},"end":{"line":281,"column":1}},"loc":{"start":{"line":136,"column":0},"end":{"line":281,"column":1}},"line":136},"6":{"name":"computed","decl":{"start":{"line":137,"column":19},"end":{"line":139,"column":3}},"loc":{"start":{"line":137,"column":19},"end":{"line":139,"column":3}},"line":137},"7":{"name":"enumerator","decl":{"start":{"line":141,"column":21},"end":{"line":147,"column":3}},"loc":{"start":{"line":141,"column":21},"end":{"line":147,"column":3}},"line":141},"8":{"name":"lowercase","decl":{"start":{"line":149,"column":20},"end":{"line":155,"column":3}},"loc":{"start":{"line":149,"column":20},"end":{"line":155,"column":3}},"line":149},"9":{"name":"max","decl":{"start":{"line":157,"column":14},"end":{"line":163,"column":3}},"loc":{"start":{"line":157,"column":14},"end":{"line":163,"column":3}},"line":157},"10":{"name":"min","decl":{"start":{"line":165,"column":14},"end":{"line":171,"column":3}},"loc":{"start":{"line":165,"column":14},"end":{"line":171,"column":3}},"line":165},"11":{"name":"maxLength","decl":{"start":{"line":173,"column":20},"end":{"line":179,"column":3}},"loc":{"start":{"line":173,"column":20},"end":{"line":179,"column":3}},"line":173},"12":{"name":"minLength","decl":{"start":{"line":181,"column":20},"end":{"line":187,"column":3}},"loc":{"start":{"line":181,"column":20},"end":{"line":187,"column":3}},"line":181},"13":{"name":"proper","decl":{"start":{"line":189,"column":17},"end":{"line":195,"column":3}},"loc":{"start":{"line":189,"column":17},"end":{"line":195,"column":3}},"line":189},"14":{"name":"required","decl":{"start":{"line":197,"column":19},"end":{"line":203,"column":3}},"loc":{"start":{"line":197,"column":19},"end":{"line":203,"column":3}},"line":197},"15":{"name":"setDefaultValue","decl":{"start":{"line":205,"column":26},"end":{"line":211,"column":3}},"loc":{"start":{"line":205,"column":26},"end":{"line":211,"column":3}},"line":205},"16":{"name":"specialAction","decl":{"start":{"line":213,"column":24},"end":{"line":219,"column":3}},"loc":{"start":{"line":213,"column":24},"end":{"line":219,"column":3}},"line":213},"17":{"name":"trim","decl":{"start":{"line":221,"column":15},"end":{"line":227,"column":3}},"loc":{"start":{"line":221,"column":15},"end":{"line":227,"column":3}},"line":221},"18":{"name":"type","decl":{"start":{"line":229,"column":15},"end":{"line":241,"column":3}},"loc":{"start":{"line":229,"column":15},"end":{"line":241,"column":3}},"line":229},"19":{"name":"uppercase","decl":{"start":{"line":243,"column":20},"end":{"line":249,"column":3}},"loc":{"start":{"line":243,"column":20},"end":{"line":249,"column":3}},"line":243},"20":{"name":"validate","decl":{"start":{"line":251,"column":19},"end":{"line":257,"column":3}},"loc":{"start":{"line":251,"column":19},"end":{"line":257,"column":3}},"line":251},"21":{"name":"get","decl":{"start":{"line":277,"column":9},"end":{"line":277,"column":47}},"loc":{"start":{"line":277,"column":9},"end":{"line":277,"column":47}},"line":277},"22":{"name":"set","decl":{"start":{"line":278,"column":9},"end":{"line":278,"column":47}},"loc":{"start":{"line":278,"column":9},"end":{"line":278,"column":47}},"line":278},"23":{"name":"getTypeName","decl":{"start":{"line":283,"column":0},"end":{"line":286,"column":1}},"loc":{"start":{"line":283,"column":0},"end":{"line":286,"column":1}},"line":283},"24":{"name":"isAJavascriptType","decl":{"start":{"line":288,"column":0},"end":{"line":290,"column":1}},"loc":{"start":{"line":288,"column":0},"end":{"line":290,"column":1}},"line":288},"25":{"name":"isANestedArray","decl":{"start":{"line":292,"column":0},"end":{"line":294,"column":1}},"loc":{"start":{"line":292,"column":0},"end":{"line":294,"column":1}},"line":292},"26":{"name":"isANestedObject","decl":{"start":{"line":296,"column":0},"end":{"line":299,"column":1}},"loc":{"start":{"line":296,"column":0},"end":{"line":299,"column":1}},"line":296},"27":{"name":"isAValidDataType","decl":{"start":{"line":301,"column":0},"end":{"line":308,"column":1}},"loc":{"start":{"line":301,"column":0},"end":{"line":308,"column":1}},"line":301},"28":{"name":"isPlainObject","decl":{"start":{"line":310,"column":0},"end":{"line":312,"column":1}},"loc":{"start":{"line":310,"column":0},"end":{"line":312,"column":1}},"line":310},"29":{"name":"setValue","decl":{"start":{"line":314,"column":0},"end":{"line":320,"column":1}},"loc":{"start":{"line":314,"column":0},"end":{"line":320,"column":1}},"line":314}},"f":{"0":64,"1":73,"2":115,"3":25,"4":109,"5":133,"6":10,"7":7,"8":11,"9":2,"10":2,"11":5,"12":3,"13":3,"14":2,"15":3,"16":20,"17":10,"18":45,"19":2,"20":2,"21":7,"22":13,"23":46,"24":37,"25":115,"26":104,"27":45,"28":2,"29":113}}
}
